[DEBUG 2020-02-12 15:18:13,323 ItemCF.py 38行]:users长度:610
[DEBUG 2020-02-12 15:18:13,324 ItemCF.py 39行]:items长度:8979
[DEBUG 2020-02-12 15:18:14,626 ItemCF.py 45行]:训练集评分矩阵:
     1       2       3       4       ...  193579  193585  193587  193609
1       1.0     0.0     1.0     0.0  ...     0.0     0.0     0.0     0.0
2       0.0     0.0     0.0     0.0  ...     0.0     0.0     0.0     0.0
3       0.0     0.0     0.0     0.0  ...     0.0     0.0     0.0     0.0
4       0.0     0.0     0.0     0.0  ...     0.0     0.0     0.0     0.0
5       1.0     0.0     0.0     0.0  ...     0.0     0.0     0.0     0.0
..      ...     ...     ...     ...  ...     ...     ...     ...     ...
606     1.0     0.0     0.0     0.0  ...     0.0     0.0     0.0     0.0
607     0.0     0.0     0.0     0.0  ...     0.0     0.0     0.0     0.0
608     1.0     1.0     1.0     0.0  ...     0.0     0.0     0.0     0.0
609     1.0     0.0     0.0     0.0  ...     0.0     0.0     0.0     0.0
610     1.0     0.0     0.0     0.0  ...     0.0     0.0     0.0     0.0

[610 rows x 8979 columns]
[DEBUG 2020-02-12 15:18:15,261 ItemCF.py 53行]:测试集评分矩阵:
     1       2       3       4       ...  190215  190219  193581  193583
1       0.0     0.0     0.0     0.0  ...     0.0     0.0     0.0     0.0
2       0.0     0.0     0.0     0.0  ...     0.0     0.0     0.0     0.0
3       0.0     0.0     0.0     0.0  ...     0.0     0.0     0.0     0.0
4       0.0     0.0     0.0     0.0  ...     0.0     0.0     0.0     0.0
5       0.0     0.0     0.0     0.0  ...     0.0     0.0     0.0     0.0
..      ...     ...     ...     ...  ...     ...     ...     ...     ...
606     0.0     0.0     0.0     0.0  ...     0.0     0.0     0.0     0.0
607     1.0     0.0     0.0     0.0  ...     0.0     0.0     0.0     0.0
608     0.0     0.0     0.0     0.0  ...     0.0     0.0     0.0     0.0
609     0.0     0.0     0.0     0.0  ...     0.0     0.0     0.0     0.0
610     0.0     0.0     0.0     0.0  ...     0.0     0.0     0.0     0.0

[608 rows x 5084 columns]
[DEBUG 2020-02-12 15:18:17,787 ItemCF.py 68行]:item相似度矩阵：
          1         2         3         4       ...  193579  193585  193587  193609
1       1.000000  0.318934  0.222883  0.062807  ...     0.0     0.0     0.0     0.0
2       0.318934  1.000000  0.299501  0.089087  ...     0.0     0.0     0.0     0.0
3       0.222883  0.299501  1.000000  0.062257  ...     0.0     0.0     0.0     0.0
4       0.062807  0.089087  0.062257  1.000000  ...     0.0     0.0     0.0     0.0
5       0.256410  0.272772  0.355830  0.136083  ...     0.0     0.0     0.0     0.0
...          ...       ...       ...       ...  ...     ...     ...     ...     ...
193573  0.000000  0.000000  0.000000  0.000000  ...     1.0     1.0     1.0     0.0
193579  0.000000  0.000000  0.000000  0.000000  ...     1.0     1.0     1.0     0.0
193585  0.000000  0.000000  0.000000  0.000000  ...     1.0     1.0     1.0     0.0
193587  0.000000  0.000000  0.000000  0.000000  ...     1.0     1.0     1.0     0.0
193609  0.000000  0.000000  0.000000  0.000000  ...     0.0     0.0     0.0     1.0

[8979 rows x 8979 columns]
[INFO 2020-02-12 15:18:17,792 ItemCF.py 76行]:开始推荐,K=5
[DEBUG 2020-02-12 15:19:45,496 ItemCF.py 89行]:预测矩阵：
       1       2       3         4       ...  193579  193585  193587  193609
1    0.000000     0.0     0.0  0.000000  ...     0.0     0.0     0.0     0.0
2    0.000000     0.0     0.0  0.000000  ...     0.0     0.0     0.0     0.0
3    0.000000     0.0     0.0  0.000000  ...     0.0     0.0     0.0     0.0
4    0.000000     0.0     0.0  0.000000  ...     0.0     0.0     0.0     0.0
5    0.000000     0.0     0.0  0.000000  ...     0.0     0.0     0.0     0.0
..        ...     ...     ...       ...  ...     ...     ...     ...     ...
606  0.000000     0.0     0.0  0.396059  ...     0.0     0.0     0.0     0.0
607  0.444201     0.0     0.0  0.000000  ...     0.0     0.0     0.0     0.0
608  0.000000     0.0     0.0  0.000000  ...     0.0     0.0     0.0     0.0
609  0.000000     0.0     0.0  0.000000  ...     0.0     0.0     0.0     0.0
610  0.000000     0.0     0.0  0.000000  ...     0.0     0.0     0.0     0.0

[610 rows x 8979 columns]
[INFO 2020-02-12 15:19:46,654 ItemCF.py 117行]:K=5,N=10,准确率21.97%,召回率6.62%,覆盖率9.25%,流行度4.242395223239527
[INFO 2020-02-12 15:19:46,660 ItemCF.py 76行]:开始推荐,K=6
[DEBUG 2020-02-12 15:21:15,959 ItemCF.py 89行]:预测矩阵：
       1       2       3         4       ...  193579  193585  193587  193609
1    0.000000     0.0     0.0  0.000000  ...     0.0     0.0     0.0     0.0
2    0.000000     0.0     0.0  0.000000  ...     0.0     0.0     0.0     0.0
3    0.000000     0.0     0.0  0.000000  ...     0.0     0.0     0.0     0.0
4    0.000000     0.0     0.0  0.000000  ...     0.0     0.0     0.0     0.0
5    0.000000     0.0     0.0  0.000000  ...     0.0     0.0     0.0     0.0
..        ...     ...     ...       ...  ...     ...     ...     ...     ...
606  0.000000     0.0     0.0  0.396059  ...     0.0     0.0     0.0     0.0
607  0.444201     0.0     0.0  0.000000  ...     0.0     0.0     0.0     0.0
608  0.000000     0.0     0.0  0.000000  ...     0.0     0.0     0.0     0.0
609  0.000000     0.0     0.0  0.000000  ...     0.0     0.0     0.0     0.0
610  0.000000     0.0     0.0  0.000000  ...     0.0     0.0     0.0     0.0

[610 rows x 8979 columns]
[INFO 2020-02-12 15:21:17,094 ItemCF.py 117行]:K=6,N=10,准确率21.99%,召回率6.63%,覆盖率8.33%,流行度4.3236725664655085
[INFO 2020-02-12 15:21:17,100 ItemCF.py 76行]:开始推荐,K=7
[DEBUG 2020-02-12 15:22:50,656 ItemCF.py 89行]:预测矩阵：
       1       2       3         4       ...  193579  193585  193587  193609
1    0.000000     0.0     0.0  0.000000  ...     0.0     0.0     0.0     0.0
2    0.000000     0.0     0.0  0.000000  ...     0.0     0.0     0.0     0.0
3    0.000000     0.0     0.0  0.000000  ...     0.0     0.0     0.0     0.0
4    0.000000     0.0     0.0  0.000000  ...     0.0     0.0     0.0     0.0
5    0.000000     0.0     0.0  0.000000  ...     0.0     0.0     0.0     0.0
..        ...     ...     ...       ...  ...     ...     ...     ...     ...
606  0.000000     0.0     0.0  0.396059  ...     0.0     0.0     0.0     0.0
607  0.444201     0.0     0.0  0.000000  ...     0.0     0.0     0.0     0.0
608  0.000000     0.0     0.0  0.000000  ...     0.0     0.0     0.0     0.0
609  0.000000     0.0     0.0  0.000000  ...     0.0     0.0     0.0     0.0
610  0.000000     0.0     0.0  0.000000  ...     0.0     0.0     0.0     0.0

[610 rows x 8979 columns]
[INFO 2020-02-12 15:22:51,796 ItemCF.py 117行]:K=7,N=10,准确率22.29%,召回率6.72%,覆盖率7.76%,流行度4.380333780321109
[INFO 2020-02-12 15:22:51,802 ItemCF.py 76行]:开始推荐,K=8
[DEBUG 2020-02-12 15:24:26,677 ItemCF.py 89行]:预测矩阵：
       1       2       3         4       ...  193579  193585  193587  193609
1    0.000000     0.0     0.0  0.000000  ...     0.0     0.0     0.0     0.0
2    0.000000     0.0     0.0  0.000000  ...     0.0     0.0     0.0     0.0
3    0.000000     0.0     0.0  0.000000  ...     0.0     0.0     0.0     0.0
4    0.000000     0.0     0.0  0.000000  ...     0.0     0.0     0.0     0.0
5    0.000000     0.0     0.0  0.000000  ...     0.0     0.0     0.0     0.0
..        ...     ...     ...       ...  ...     ...     ...     ...     ...
606  0.000000     0.0     0.0  0.396059  ...     0.0     0.0     0.0     0.0
607  0.444201     0.0     0.0  0.333333  ...     0.0     0.0     0.0     0.0
608  0.000000     0.0     0.0  0.000000  ...     0.0     0.0     0.0     0.0
609  0.000000     0.0     0.0  0.000000  ...     0.0     0.0     0.0     0.0
610  0.000000     0.0     0.0  0.000000  ...     0.0     0.0     0.0     0.0

[610 rows x 8979 columns]
[INFO 2020-02-12 15:24:27,806 ItemCF.py 117行]:K=8,N=10,准确率22.81%,召回率6.88%,覆盖率7.63%,流行度4.415270378572312
[INFO 2020-02-12 15:24:27,811 ItemCF.py 76行]:开始推荐,K=9
[DEBUG 2020-02-12 15:26:01,240 ItemCF.py 89行]:预测矩阵：
       1       2       3         4       ...  193579  193585  193587  193609
1    0.000000     0.0     0.0  0.000000  ...     0.0     0.0     0.0     0.0
2    0.000000     0.0     0.0  0.000000  ...     0.0     0.0     0.0     0.0
3    0.000000     0.0     0.0  0.000000  ...     0.0     0.0     0.0     0.0
4    0.000000     0.0     0.0  0.000000  ...     0.0     0.0     0.0     0.0
5    0.000000     0.0     0.0  0.000000  ...     0.0     0.0     0.0     0.0
..        ...     ...     ...       ...  ...     ...     ...     ...     ...
606  0.000000     0.0     0.0  0.396059  ...     0.0     0.0     0.0     0.0
607  0.444201     0.0     0.0  0.333333  ...     0.0     0.0     0.0     0.0
608  0.000000     0.0     0.0  0.000000  ...     0.0     0.0     0.0     0.0
609  0.000000     0.0     0.0  0.000000  ...     0.0     0.0     0.0     0.0
610  0.000000     0.0     0.0  0.000000  ...     0.0     0.0     0.0     0.0

[610 rows x 8979 columns]
[INFO 2020-02-12 15:26:02,359 ItemCF.py 117行]:K=9,N=10,准确率22.73%,召回率6.85%,覆盖率7.56%,流行度4.441572531338488
[INFO 2020-02-12 15:26:02,365 ItemCF.py 76行]:开始推荐,K=10
[DEBUG 2020-02-12 15:27:39,419 ItemCF.py 89行]:预测矩阵：
       1       2       3         4       ...  193579  193585  193587  193609
1    0.000000     0.0     0.0  0.000000  ...     0.0     0.0     0.0     0.0
2    0.000000     0.0     0.0  0.000000  ...     0.0     0.0     0.0     0.0
3    0.000000     0.0     0.0  0.000000  ...     0.0     0.0     0.0     0.0
4    0.427179     0.0     0.0  0.000000  ...     0.0     0.0     0.0     0.0
5    0.000000     0.0     0.0  0.000000  ...     0.0     0.0     0.0     0.0
..        ...     ...     ...       ...  ...     ...     ...     ...     ...
606  0.000000     0.0     0.0  0.396059  ...     0.0     0.0     0.0     0.0
607  0.444201     0.0     0.0  0.333333  ...     0.0     0.0     0.0     0.0
608  0.000000     0.0     0.0  0.000000  ...     0.0     0.0     0.0     0.0
609  0.000000     0.0     0.0  0.000000  ...     0.0     0.0     0.0     0.0
610  0.000000     0.0     0.0  0.000000  ...     0.0     0.0     0.0     0.0

[610 rows x 8979 columns]
[INFO 2020-02-12 15:27:40,553 ItemCF.py 117行]:K=10,N=10,准确率22.75%,召回率6.86%,覆盖率7.28%,流行度4.457860783389731
[INFO 2020-02-12 15:27:40,558 ItemCF.py 76行]:开始推荐,K=11
[DEBUG 2020-02-12 15:29:19,877 ItemCF.py 89行]:预测矩阵：
       1       2         3         4       ...  193579  193585  193587  193609
1    0.000000     0.0  0.000000  0.000000  ...     0.0     0.0     0.0     0.0
2    0.000000     0.0  0.000000  0.000000  ...     0.0     0.0     0.0     0.0
3    0.000000     0.0  0.000000  0.000000  ...     0.0     0.0     0.0     0.0
4    0.427179     0.0  0.000000  0.000000  ...     0.0     0.0     0.0     0.0
5    0.000000     0.0  0.000000  0.000000  ...     0.0     0.0     0.0     0.0
..        ...     ...       ...       ...  ...     ...     ...     ...     ...
606  0.000000     0.0  0.000000  0.396059  ...     0.0     0.0     0.0     0.0
607  0.444201     0.0  0.000000  0.333333  ...     0.0     0.0     0.0     0.0
608  0.000000     0.0  0.000000  0.000000  ...     0.0     0.0     0.0     0.0
609  0.000000     0.0  0.000000  0.000000  ...     0.0     0.0     0.0     0.0
610  0.000000     0.0  0.362184  0.000000  ...     0.0     0.0     0.0     0.0

[610 rows x 8979 columns]
[INFO 2020-02-12 15:29:21,004 ItemCF.py 117行]:K=11,N=10,准确率23.06%,召回率6.95%,覆盖率7.03%,流行度4.473696282157698
[INFO 2020-02-12 15:29:21,009 ItemCF.py 76行]:开始推荐,K=12
[DEBUG 2020-02-12 15:31:03,751 ItemCF.py 89行]:预测矩阵：
       1         2         3         4       ...  193579  193585  193587  193609
1    0.000000  0.408531  0.000000  0.000000  ...     0.0     0.0     0.0     0.0
2    0.000000  0.000000  0.000000  0.000000  ...     0.0     0.0     0.0     0.0
3    0.000000  0.000000  0.000000  0.000000  ...     0.0     0.0     0.0     0.0
4    0.427179  0.000000  0.000000  0.000000  ...     0.0     0.0     0.0     0.0
5    0.000000  0.000000  0.000000  0.000000  ...     0.0     0.0     0.0     0.0
..        ...       ...       ...       ...  ...     ...     ...     ...     ...
606  0.000000  0.862560  0.000000  0.396059  ...     0.0     0.0     0.0     0.0
607  0.444201  0.000000  0.000000  0.333333  ...     0.0     0.0     0.0     0.0
608  0.000000  0.000000  0.000000  0.000000  ...     0.0     0.0     0.0     0.0
609  0.000000  0.000000  0.000000  0.000000  ...     0.0     0.0     0.0     0.0
610  0.000000  0.000000  0.362184  0.000000  ...     0.0     0.0     0.0     0.0

[610 rows x 8979 columns]
[INFO 2020-02-12 15:31:04,880 ItemCF.py 117行]:K=12,N=10,准确率22.96%,召回率6.92%,覆盖率6.96%,流行度4.4918047341064575
[INFO 2020-02-12 15:31:04,886 ItemCF.py 76行]:开始推荐,K=13
[DEBUG 2020-02-12 15:32:49,598 ItemCF.py 89行]:预测矩阵：
       1         2         3         4       ...  193579  193585  193587  193609
1    0.000000  0.408531  0.000000  0.000000  ...     0.0     0.0     0.0     0.0
2    0.000000  0.000000  0.000000  0.000000  ...     0.0     0.0     0.0     0.0
3    0.000000  0.000000  0.000000  0.000000  ...     0.0     0.0     0.0     0.0
4    0.427179  0.000000  0.000000  0.000000  ...     0.0     0.0     0.0     0.0
5    0.000000  0.374135  0.000000  0.000000  ...     0.0     0.0     0.0     0.0
..        ...       ...       ...       ...  ...     ...     ...     ...     ...
606  0.000000  0.862560  0.000000  0.707345  ...     0.0     0.0     0.0     0.0
607  0.444201  0.000000  0.000000  0.333333  ...     0.0     0.0     0.0     0.0
608  0.000000  0.000000  0.000000  0.000000  ...     0.0     0.0     0.0     0.0
609  0.000000  0.000000  0.000000  0.000000  ...     0.0     0.0     0.0     0.0
610  0.000000  0.000000  0.362184  0.000000  ...     0.0     0.0     0.0     0.0

[610 rows x 8979 columns]
[INFO 2020-02-12 15:32:50,731 ItemCF.py 117行]:K=13,N=10,准确率23.16%,召回率6.98%,覆盖率6.86%,流行度4.500259520365786
[INFO 2020-02-12 15:32:50,736 ItemCF.py 76行]:开始推荐,K=14
[DEBUG 2020-02-12 15:34:36,995 ItemCF.py 89行]:预测矩阵：
       1         2         3         4       ...  193579  193585  193587  193609
1    0.000000  0.408531  0.000000  0.000000  ...     0.0     0.0     0.0     0.0
2    0.000000  0.000000  0.000000  0.000000  ...     0.0     0.0     0.0     0.0
3    0.000000  0.000000  0.000000  0.000000  ...     0.0     0.0     0.0     0.0
4    0.427179  0.000000  0.000000  0.000000  ...     0.0     0.0     0.0     0.0
5    0.000000  0.784033  0.000000  0.000000  ...     0.0     0.0     0.0     0.0
..        ...       ...       ...       ...  ...     ...     ...     ...     ...
606  0.000000  1.155330  0.000000  0.707345  ...     0.0     0.0     0.0     0.0
607  0.444201  0.409898  0.000000  0.333333  ...     0.0     0.0     0.0     0.0
608  0.000000  0.000000  0.000000  0.000000  ...     0.0     0.0     0.0     0.0
609  0.000000  0.000000  0.000000  0.000000  ...     0.0     0.0     0.0     0.0
610  0.000000  0.000000  0.362184  0.000000  ...     0.0     0.0     0.0     0.0

[610 rows x 8979 columns]
[INFO 2020-02-12 15:34:38,122 ItemCF.py 117行]:K=14,N=10,准确率23.32%,召回率7.03%,覆盖率6.59%,流行度4.515746827977095
[INFO 2020-02-12 15:34:38,127 ItemCF.py 76行]:开始推荐,K=15
[DEBUG 2020-02-12 15:36:24,048 ItemCF.py 89行]:预测矩阵：
       1         2         3         4       ...  193579  193585  193587  193609
1    0.000000  0.408531  0.000000  0.000000  ...     0.0     0.0     0.0     0.0
2    0.000000  0.000000  0.000000  0.000000  ...     0.0     0.0     0.0     0.0
3    0.000000  0.000000  0.000000  0.000000  ...     0.0     0.0     0.0     0.0
4    0.427179  0.000000  0.000000  0.000000  ...     0.0     0.0     0.0     0.0
5    0.000000  0.784033  0.000000  0.000000  ...     0.0     0.0     0.0     0.0
..        ...       ...       ...       ...  ...     ...     ...     ...     ...
606  0.000000  1.155330  0.000000  0.707345  ...     0.0     0.0     0.0     0.0
607  0.444201  0.409898  0.385117  0.333333  ...     0.0     0.0     0.0     0.0
608  0.000000  0.000000  0.000000  0.000000  ...     0.0     0.0     0.0     0.0
609  0.000000  0.000000  0.000000  0.000000  ...     0.0     0.0     0.0     0.0
610  0.000000  0.000000  0.362184  0.000000  ...     0.0     0.0     0.0     0.0

[610 rows x 8979 columns]
[INFO 2020-02-12 15:36:25,188 ItemCF.py 117行]:K=15,N=10,准确率23.21%,召回率7.00%,覆盖率6.44%,流行度4.52567093308506
[INFO 2020-02-12 15:36:25,193 ItemCF.py 76行]:开始推荐,K=16
[DEBUG 2020-02-12 15:38:14,626 ItemCF.py 89行]:预测矩阵：
       1         2         3         4       ...  193579  193585  193587  193609
1    0.000000  0.408531  0.000000  0.000000  ...     0.0     0.0     0.0     0.0
2    0.000000  0.000000  0.000000  0.000000  ...     0.0     0.0     0.0     0.0
3    0.000000  0.000000  0.000000  0.000000  ...     0.0     0.0     0.0     0.0
4    0.427179  0.000000  0.000000  0.000000  ...     0.0     0.0     0.0     0.0
5    0.000000  0.784033  0.000000  0.000000  ...     0.0     0.0     0.0     0.0
..        ...       ...       ...       ...  ...     ...     ...     ...     ...
606  0.000000  1.484845  0.000000  0.707345  ...     0.0     0.0     0.0     0.0
607  0.444201  0.739413  0.385117  0.333333  ...     0.0     0.0     0.0     0.0
608  0.000000  0.000000  0.000000  0.000000  ...     0.0     0.0     0.0     0.0
609  0.000000  0.000000  0.000000  0.000000  ...     0.0     0.0     0.0     0.0
610  0.000000  0.000000  0.711021  0.000000  ...     0.0     0.0     0.0     0.0

[610 rows x 8979 columns]
[INFO 2020-02-12 15:38:15,769 ItemCF.py 117行]:K=16,N=10,准确率23.16%,召回率6.98%,覆盖率6.39%,流行度4.53127686159464
[INFO 2020-02-12 15:38:15,775 ItemCF.py 76行]:开始推荐,K=17
[DEBUG 2020-02-12 15:40:06,913 ItemCF.py 89行]:预测矩阵：
       1         2         3         4       ...  193579  193585  193587  193609
1    0.000000  0.408531  0.000000  0.000000  ...     0.0     0.0     0.0     0.0
2    0.000000  0.000000  0.000000  0.000000  ...     0.0     0.0     0.0     0.0
3    0.000000  0.000000  0.000000  0.000000  ...     0.0     0.0     0.0     0.0
4    0.427179  0.000000  0.000000  0.000000  ...     0.0     0.0     0.0     0.0
5    0.000000  1.231480  0.000000  0.000000  ...     0.0     0.0     0.0     0.0
..        ...       ...       ...       ...  ...     ...     ...     ...     ...
606  0.000000  1.484845  0.000000  0.707345  ...     0.0     0.0     0.0     0.0
607  0.444201  0.739413  0.385117  0.333333  ...     0.0     0.0     0.0     0.0
608  0.000000  0.000000  0.000000  0.000000  ...     0.0     0.0     0.0     0.0
609  0.000000  0.000000  0.000000  0.000000  ...     0.0     0.0     0.0     0.0
610  0.000000  0.000000  0.711021  0.000000  ...     0.0     0.0     0.0     0.0

[610 rows x 8979 columns]
[INFO 2020-02-12 15:40:08,053 ItemCF.py 117行]:K=17,N=10,准确率23.37%,召回率7.05%,覆盖率6.31%,流行度4.54373483775355
[INFO 2020-02-12 15:40:08,058 ItemCF.py 76行]:开始推荐,K=18
[DEBUG 2020-02-12 15:42:00,335 ItemCF.py 89行]:预测矩阵：
       1         2         3         4       ...  193579  193585  193587  193609
1    0.000000  0.408531  0.000000  0.000000  ...     0.0     0.0     0.0     0.0
2    0.000000  0.000000  0.000000  0.000000  ...     0.0     0.0     0.0     0.0
3    0.000000  0.000000  0.000000  0.000000  ...     0.0     0.0     0.0     0.0
4    0.427179  0.000000  0.000000  0.000000  ...     0.0     0.0     0.0     0.0
5    0.000000  1.231480  0.000000  0.000000  ...     0.0     0.0     0.0     0.0
..        ...       ...       ...       ...  ...     ...     ...     ...     ...
606  0.000000  1.484845  0.000000  0.707345  ...     0.0     0.0     0.0     0.0
607  0.444201  0.739413  0.385117  0.333333  ...     0.0     0.0     0.0     0.0
608  0.000000  0.000000  0.000000  0.000000  ...     0.0     0.0     0.0     0.0
609  0.000000  0.000000  0.000000  0.000000  ...     0.0     0.0     0.0     0.0
610  0.000000  0.000000  0.711021  0.000000  ...     0.0     0.0     0.0     0.0

[610 rows x 8979 columns]
[INFO 2020-02-12 15:42:01,471 ItemCF.py 117行]:K=18,N=10,准确率23.37%,召回率7.05%,覆盖率6.10%,流行度4.546097082619774
[INFO 2020-02-12 15:42:01,476 ItemCF.py 76行]:开始推荐,K=19
[DEBUG 2020-02-12 15:43:55,984 ItemCF.py 89行]:预测矩阵：
       1         2         3         4       ...  193579  193585  193587  193609
1    0.000000  0.408531  0.000000  0.000000  ...     0.0     0.0     0.0     0.0
2    0.000000  0.000000  0.000000  0.000000  ...     0.0     0.0     0.0     0.0
3    0.000000  0.000000  0.000000  0.000000  ...     0.0     0.0     0.0     0.0
4    0.427179  0.000000  0.000000  0.000000  ...     0.0     0.0     0.0     0.0
5    0.000000  1.231480  0.000000  0.000000  ...     0.0     0.0     0.0     0.0
..        ...       ...       ...       ...  ...     ...     ...     ...     ...
606  0.000000  1.484845  0.000000  0.707345  ...     0.0     0.0     0.0     0.0
607  0.444201  0.739413  0.385117  0.333333  ...     0.0     0.0     0.0     0.0
608  0.000000  0.000000  0.000000  0.000000  ...     0.0     0.0     0.0     0.0
609  0.000000  0.000000  0.000000  0.000000  ...     0.0     0.0     0.0     0.0
610  0.000000  0.000000  0.711021  0.000000  ...     0.0     0.0     0.0     0.0

[610 rows x 8979 columns]
[INFO 2020-02-12 15:43:57,045 ItemCF.py 117行]:K=19,N=10,准确率23.39%,召回率7.05%,覆盖率6.13%,流行度4.5542911634052885
[INFO 2020-02-12 15:43:57,050 ItemCF.py 76行]:开始推荐,K=20
[DEBUG 2020-02-12 15:45:49,356 ItemCF.py 89行]:预测矩阵：
       1         2         3         4       ...  193579  193585  193587  193609
1    0.000000  0.778538  0.000000  0.000000  ...     0.0     0.0     0.0     0.0
2    0.000000  0.000000  0.000000  0.000000  ...     0.0     0.0     0.0     0.0
3    0.000000  0.000000  0.000000  0.000000  ...     0.0     0.0     0.0     0.0
4    0.427179  0.000000  0.000000  0.000000  ...     0.0     0.0     0.0     0.0
5    0.000000  1.601486  0.000000  0.000000  ...     0.0     0.0     0.0     0.0
..        ...       ...       ...       ...  ...     ...     ...     ...     ...
606  0.000000  1.854851  0.000000  0.707345  ...     0.0     0.0     0.0     0.0
607  0.886010  0.739413  0.385117  0.333333  ...     0.0     0.0     0.0     0.0
608  0.000000  0.000000  0.000000  0.000000  ...     0.0     0.0     0.0     0.0
609  0.000000  0.000000  0.000000  0.000000  ...     0.0     0.0     0.0     0.0
610  0.000000  0.000000  0.711021  0.000000  ...     0.0     0.0     0.0     0.0

[610 rows x 8979 columns]
[INFO 2020-02-12 15:45:50,424 ItemCF.py 117行]:K=20,N=10,准确率23.70%,召回率7.14%,覆盖率6.03%,流行度4.559404347825807
[INFO 2020-02-12 15:45:50,429 ItemCF.py 76行]:开始推荐,K=21
[DEBUG 2020-02-12 15:47:46,113 ItemCF.py 89行]:预测矩阵：
       1         2         3         4       ...  193579  193585  193587  193609
1    0.000000  1.230158  0.000000  0.000000  ...     0.0     0.0     0.0     0.0
2    0.000000  0.000000  0.000000  0.000000  ...     0.0     0.0     0.0     0.0
3    0.000000  0.000000  0.000000  0.000000  ...     0.0     0.0     0.0     0.0
4    0.427179  0.000000  0.000000  0.000000  ...     0.0     0.0     0.0     0.0
5    0.000000  1.601486  0.000000  0.000000  ...     0.0     0.0     0.0     0.0
..        ...       ...       ...       ...  ...     ...     ...     ...     ...
606  0.000000  1.854851  0.000000  0.707345  ...     0.0     0.0     0.0     0.0
607  0.886010  0.739413  0.385117  0.333333  ...     0.0     0.0     0.0     0.0
608  0.000000  0.000000  0.000000  0.000000  ...     0.0     0.0     0.0     0.0
609  0.000000  0.380547  0.000000  0.000000  ...     0.0     0.0     0.0     0.0
610  0.000000  0.000000  0.711021  0.000000  ...     0.0     0.0     0.0     0.0

[610 rows x 8979 columns]
[INFO 2020-02-12 15:47:47,171 ItemCF.py 117行]:K=21,N=10,准确率23.54%,召回率7.10%,覆盖率5.98%,流行度4.5697592509859435
[INFO 2020-02-12 15:47:47,176 ItemCF.py 76行]:开始推荐,K=22
[DEBUG 2020-02-12 15:49:44,836 ItemCF.py 89行]:预测矩阵：
       1         2         3         4       ...  193579  193585  193587  193609
1    0.000000  1.230158  0.000000  0.000000  ...     0.0     0.0     0.0     0.0
2    0.000000  0.000000  0.000000  0.000000  ...     0.0     0.0     0.0     0.0
3    0.000000  0.000000  0.000000  0.000000  ...     0.0     0.0     0.0     0.0
4    0.427179  0.000000  0.000000  0.000000  ...     0.0     0.0     0.0     0.0
5    0.000000  1.601486  0.000000  0.000000  ...     0.0     0.0     0.0     0.0
..        ...       ...       ...       ...  ...     ...     ...     ...     ...
606  0.000000  1.854851  0.000000  0.707345  ...     0.0     0.0     0.0     0.0
607  0.886010  0.739413  0.385117  0.333333  ...     0.0     0.0     0.0     0.0
608  0.000000  0.000000  0.000000  0.000000  ...     0.0     0.0     0.0     0.0
609  0.000000  0.380547  0.000000  0.000000  ...     0.0     0.0     0.0     0.0
610  0.000000  0.000000  0.711021  0.000000  ...     0.0     0.0     0.0     0.0

[610 rows x 8979 columns]
[INFO 2020-02-12 15:49:45,911 ItemCF.py 117行]:K=22,N=10,准确率23.62%,召回率7.12%,覆盖率5.97%,流行度4.575037674548084
[INFO 2020-02-12 15:49:45,916 ItemCF.py 76行]:开始推荐,K=23
[DEBUG 2020-02-12 15:51:44,993 ItemCF.py 89行]:预测矩阵：
       1         2         3         4       ...  193579  193585  193587  193609
1    0.000000  1.230158  0.000000  0.000000  ...     0.0     0.0     0.0     0.0
2    0.000000  0.000000  0.000000  0.000000  ...     0.0     0.0     0.0     0.0
3    0.000000  0.000000  0.000000  0.000000  ...     0.0     0.0     0.0     0.0
4    0.427179  0.000000  0.000000  0.000000  ...     0.0     0.0     0.0     0.0
5    0.000000  1.601486  0.000000  0.000000  ...     0.0     0.0     0.0     0.0
..        ...       ...       ...       ...  ...     ...     ...     ...     ...
606  0.000000  1.854851  0.000000  0.707345  ...     0.0     0.0     0.0     0.0
607  0.886010  1.132606  0.385117  0.333333  ...     0.0     0.0     0.0     0.0
608  0.000000  0.000000  0.000000  0.000000  ...     0.0     0.0     0.0     0.0
609  0.000000  0.773741  0.000000  0.000000  ...     0.0     0.0     0.0     0.0
610  0.000000  0.000000  0.711021  0.000000  ...     0.0     0.0     0.0     0.0

[610 rows x 8979 columns]
[INFO 2020-02-12 15:51:46,054 ItemCF.py 117行]:K=23,N=10,准确率23.22%,召回率7.00%,覆盖率5.91%,流行度4.583436456468765
[INFO 2020-02-12 15:51:46,059 ItemCF.py 76行]:开始推荐,K=24
[DEBUG 2020-02-12 15:53:47,427 ItemCF.py 89行]:预测矩阵：
      1         2         3         4       ...  193579  193585  193587  193609
1    0.00000  1.593873  0.000000  0.000000  ...     0.0     0.0     0.0     0.0
2    0.00000  0.000000  0.000000  0.000000  ...     0.0     0.0     0.0     0.0
3    0.00000  0.000000  0.000000  0.000000  ...     0.0     0.0     0.0     0.0
4    0.84525  0.000000  0.000000  0.000000  ...     0.0     0.0     0.0     0.0
5    0.00000  1.601486  0.000000  0.000000  ...     0.0     0.0     0.0     0.0
..       ...       ...       ...       ...  ...     ...     ...     ...     ...
606  0.00000  2.232296  0.000000  0.707345  ...     0.0     0.0     0.0     0.0
607  0.88601  1.496321  0.385117  0.333333  ...     0.0     0.0     0.0     0.0
608  0.00000  0.000000  0.000000  0.000000  ...     0.0     0.0     0.0     0.0
609  0.00000  0.773741  0.000000  0.000000  ...     0.0     0.0     0.0     0.0
610  0.00000  0.000000  0.711021  0.000000  ...     0.0     0.0     0.0     0.0

[610 rows x 8979 columns]
[INFO 2020-02-12 15:53:48,491 ItemCF.py 117行]:K=24,N=10,准确率22.98%,召回率6.93%,覆盖率5.84%,流行度4.5800184150121215
[INFO 2020-02-12 15:53:48,497 ItemCF.py 76行]:开始推荐,K=25
[DEBUG 2020-02-12 15:55:52,900 ItemCF.py 89行]:预测矩阵：
       1         2         3         4       ...  193579  193585  193587  193609
1    0.000000  2.793895  0.000000  0.000000  ...     0.0     0.0     0.0     0.0
2    0.000000  0.000000  0.337570  0.000000  ...     0.0     0.0     0.0     0.0
3    0.000000  0.000000  0.000000  0.000000  ...     0.0     0.0     0.0     0.0
4    1.284811  0.818045  0.000000  0.000000  ...     0.0     0.0     0.0     0.0
5    0.000000  2.469716  0.000000  0.000000  ...     0.0     0.0     0.0     0.0
..        ...       ...       ...       ...  ...     ...     ...     ...     ...
606  0.000000  3.056930  0.000000  0.707345  ...     0.0     0.0     0.0     0.0
607  1.325570  1.496321  0.385117  0.333333  ...     0.0     0.0     0.0     0.0
608  0.000000  0.000000  0.000000  0.000000  ...     0.0     0.0     0.0     0.0
609  0.000000  0.773741  0.000000  0.000000  ...     0.0     0.0     0.0     0.0
610  0.000000  0.437409  0.711021  0.000000  ...     0.0     0.0     0.0     0.0

[610 rows x 8979 columns]
[INFO 2020-02-12 15:55:53,965 ItemCF.py 117行]:K=25,N=10,准确率22.91%,召回率6.91%,覆盖率5.78%,流行度4.584931549045295
[INFO 2020-02-12 15:55:53,971 ItemCF.py 76行]:开始推荐,K=26
[DEBUG 2020-02-12 15:58:01,084 ItemCF.py 89行]:预测矩阵：
       1         2         3         4       ...  193579  193585  193587  193609
1    0.000000  3.671266  0.000000  0.000000  ...     0.0     0.0     0.0     0.0
2    0.000000  0.000000  0.337570  0.000000  ...     0.0     0.0     0.0     0.0
3    0.000000  0.000000  0.000000  0.000000  ...     0.0     0.0     0.0     0.0
4    1.676419  0.818045  0.000000  0.000000  ...     0.0     0.0     0.0     0.0
5    0.000000  2.469716  0.000000  0.000000  ...     0.0     0.0     0.0     0.0
..        ...       ...       ...       ...  ...     ...     ...     ...     ...
606  0.000000  3.056930  0.000000  0.707345  ...     0.0     0.0     0.0     0.0
607  1.325570  2.373692  0.385117  0.333333  ...     0.0     0.0     0.0     0.0
608  0.000000  0.000000  0.000000  0.000000  ...     0.0     0.0     0.0     0.0
609  0.000000  1.228534  0.000000  0.000000  ...     0.0     0.0     0.0     0.0
610  0.000000  0.892203  0.711021  0.000000  ...     0.0     0.0     0.0     0.0

[610 rows x 8979 columns]
[INFO 2020-02-12 15:58:02,148 ItemCF.py 117行]:K=26,N=10,准确率23.03%,召回率6.94%,覆盖率5.66%,流行度4.588491243548415
[INFO 2020-02-12 15:58:02,153 ItemCF.py 76行]:开始推荐,K=27
[DEBUG 2020-02-12 16:00:11,089 ItemCF.py 89行]:预测矩阵：
       1         2         3         4       ...  193579  193585  193587  193609
1    0.000000  3.671266  0.000000  0.000000  ...     0.0     0.0     0.0     0.0
2    0.000000  0.000000  0.337570  0.000000  ...     0.0     0.0     0.0     0.0
3    0.000000  0.000000  0.000000  0.000000  ...     0.0     0.0     0.0     0.0
4    1.676419  1.219460  0.000000  0.000000  ...     0.0     0.0     0.0     0.0
5    0.000000  2.469716  0.000000  0.000000  ...     0.0     0.0     0.0     0.0
..        ...       ...       ...       ...  ...     ...     ...     ...     ...
606  0.000000  3.056930  0.000000  0.707345  ...     0.0     0.0     0.0     0.0
607  1.325570  2.373692  0.385117  0.333333  ...     0.0     0.0     0.0     0.0
608  0.000000  0.000000  0.000000  0.000000  ...     0.0     0.0     0.0     0.0
609  0.000000  1.228534  0.000000  0.000000  ...     0.0     0.0     0.0     0.0
610  0.000000  0.892203  0.711021  0.000000  ...     0.0     0.0     0.0     0.0

[610 rows x 8979 columns]
[INFO 2020-02-12 16:00:12,151 ItemCF.py 117行]:K=27,N=10,准确率23.12%,召回率6.97%,覆盖率5.67%,流行度4.591102006840851
[INFO 2020-02-12 16:00:12,156 ItemCF.py 76行]:开始推荐,K=28
[DEBUG 2020-02-12 16:02:21,706 ItemCF.py 89行]:预测矩阵：
       1         2         3         4       ...  193579  193585  193587  193609
1    0.000000  3.671266  0.000000  0.000000  ...     0.0     0.0     0.0     0.0
2    0.420620  0.000000  0.337570  0.000000  ...     0.0     0.0     0.0     0.0
3    0.000000  0.000000  0.000000  0.000000  ...     0.0     0.0     0.0     0.0
4    1.676419  1.219460  0.000000  0.000000  ...     0.0     0.0     0.0     0.0
5    0.000000  2.469716  0.000000  0.000000  ...     0.0     0.0     0.0     0.0
..        ...       ...       ...       ...  ...     ...     ...     ...     ...
606  0.000000  3.056930  0.000000  0.707345  ...     0.0     0.0     0.0     0.0
607  1.746190  2.373692  0.385117  0.333333  ...     0.0     0.0     0.0     0.0
608  0.000000  0.000000  0.000000  0.000000  ...     0.0     0.0     0.0     0.0
609  0.000000  1.228534  0.000000  0.000000  ...     0.0     0.0     0.0     0.0
610  0.000000  0.892203  0.711021  0.000000  ...     0.0     0.0     0.0     0.0

[610 rows x 8979 columns]
[INFO 2020-02-12 16:02:22,774 ItemCF.py 117行]:K=28,N=10,准确率23.01%,召回率6.94%,覆盖率5.58%,流行度4.591043323305896
[INFO 2020-02-12 16:02:22,779 ItemCF.py 76行]:开始推荐,K=29
[DEBUG 2020-02-12 16:04:36,953 ItemCF.py 89行]:预测矩阵：
       1         2         3         4       ...  193579  193585  193587  193609
1    0.000000  3.671266  0.000000  0.000000  ...     0.0     0.0     0.0     0.0
2    0.420620  0.000000  0.337570  0.000000  ...     0.0     0.0     0.0     0.0
3    0.000000  0.000000  0.000000  0.000000  ...     0.0     0.0     0.0     0.0
4    1.995939  1.219460  0.000000  0.000000  ...     0.0     0.0     0.0     0.0
5    0.000000  2.469716  0.000000  0.000000  ...     0.0     0.0     0.0     0.0
..        ...       ...       ...       ...  ...     ...     ...     ...     ...
606  0.000000  3.056930  0.000000  0.707345  ...     0.0     0.0     0.0     0.0
607  1.746190  2.373692  0.385117  0.333333  ...     0.0     0.0     0.0     0.0
608  0.000000  0.000000  0.000000  0.000000  ...     0.0     0.0     0.0     0.0
609  0.000000  1.228534  0.000000  0.000000  ...     0.0     0.0     0.0     0.0
610  0.000000  0.892203  0.711021  0.000000  ...     0.0     0.0     0.0     0.0

[610 rows x 8979 columns]
[INFO 2020-02-12 16:04:38,014 ItemCF.py 117行]:K=29,N=10,准确率23.19%,召回率6.99%,覆盖率5.56%,流行度4.59372313329199
[INFO 2020-02-12 16:04:38,019 ItemCF.py 76行]:开始推荐,K=30
[DEBUG 2020-02-12 16:06:52,294 ItemCF.py 89行]:预测矩阵：
       1         2         3         4       ...  193579  193585  193587  193609
1    0.000000  3.671266  0.000000  0.000000  ...     0.0     0.0     0.0     0.0
2    0.420620  0.000000  0.337570  0.000000  ...     0.0     0.0     0.0     0.0
3    0.000000  0.000000  0.000000  0.000000  ...     0.0     0.0     0.0     0.0
4    1.995939  1.597424  0.000000  0.000000  ...     0.0     0.0     0.0     0.0
5    0.000000  3.258244  0.000000  0.000000  ...     0.0     0.0     0.0     0.0
..        ...       ...       ...       ...  ...     ...     ...     ...     ...
606  0.000000  3.467494  0.000000  0.707345  ...     0.0     0.0     0.0     0.0
607  1.746190  2.373692  0.385117  0.333333  ...     0.0     0.0     0.0     0.0
608  0.000000  0.000000  0.000000  0.000000  ...     0.0     0.0     0.0     0.0
609  0.000000  1.228534  0.000000  0.000000  ...     0.0     0.0     0.0     0.0
610  0.000000  0.892203  0.711021  0.000000  ...     0.0     0.0     0.0     0.0

[610 rows x 8979 columns]
[INFO 2020-02-12 16:06:53,379 ItemCF.py 117行]:K=30,N=10,准确率23.31%,召回率7.03%,覆盖率5.50%,流行度4.598009857381243
[INFO 2020-02-12 16:06:53,384 ItemCF.py 76行]:开始推荐,K=31
[DEBUG 2020-02-12 16:09:07,896 ItemCF.py 89行]:预测矩阵：
       1         2         3         4       ...  193579  193585  193587  193609
1    0.000000  3.671266  0.000000  0.000000  ...     0.0     0.0     0.0     0.0
2    0.420620  0.000000  0.337570  0.000000  ...     0.0     0.0     0.0     0.0
3    0.000000  0.000000  0.000000  0.000000  ...     0.0     0.0     0.0     0.0
4    1.995939  1.597424  0.000000  0.000000  ...     0.0     0.0     0.0     0.0
5    0.000000  3.258244  0.000000  0.000000  ...     0.0     0.0     0.0     0.0
..        ...       ...       ...       ...  ...     ...     ...     ...     ...
606  0.000000  3.467494  0.000000  0.707345  ...     0.0     0.0     0.0     0.0
607  1.746190  2.373692  0.385117  0.333333  ...     0.0     0.0     0.0     0.0
608  0.000000  0.000000  0.000000  0.000000  ...     0.0     0.0     0.0     0.0
609  0.000000  1.228534  0.000000  0.000000  ...     0.0     0.0     0.0     0.0
610  0.000000  0.892203  0.711021  0.000000  ...     0.0     0.0     0.0     0.0

[610 rows x 8979 columns]
[INFO 2020-02-12 16:09:08,958 ItemCF.py 117行]:K=31,N=10,准确率23.17%,召回率6.99%,覆盖率5.41%,流行度4.599672780492035
[INFO 2020-02-12 16:09:08,963 ItemCF.py 76行]:开始推荐,K=32
[DEBUG 2020-02-12 16:11:25,995 ItemCF.py 89行]:预测矩阵：
       1         2         3         4       ...  193579  193585  193587  193609
1    0.000000  3.671266  0.000000  0.000000  ...     0.0     0.0     0.0     0.0
2    0.420620  0.000000  0.337570  0.000000  ...     0.0     0.0     0.0     0.0
3    0.000000  0.000000  0.000000  0.000000  ...     0.0     0.0     0.0     0.0
4    1.995939  1.597424  0.000000  0.000000  ...     0.0     0.0     0.0     0.0
5    0.000000  3.258244  0.000000  0.000000  ...     0.0     0.0     0.0     0.0
..        ...       ...       ...       ...  ...     ...     ...     ...     ...
606  0.000000  3.467494  0.000000  0.707345  ...     0.0     0.0     0.0     0.0
607  1.746190  2.373692  0.385117  0.333333  ...     0.0     0.0     0.0     0.0
608  0.000000  0.000000  0.000000  0.000000  ...     0.0     0.0     0.0     0.0
609  0.000000  1.228534  0.000000  0.000000  ...     0.0     0.0     0.0     0.0
610  0.000000  0.892203  0.711021  0.000000  ...     0.0     0.0     0.0     0.0

[610 rows x 8979 columns]
[INFO 2020-02-12 16:11:27,065 ItemCF.py 117行]:K=32,N=10,准确率23.32%,召回率7.03%,覆盖率5.36%,流行度4.60128044326723
[INFO 2020-02-12 16:11:27,070 ItemCF.py 76行]:开始推荐,K=33
[DEBUG 2020-02-12 16:13:47,831 ItemCF.py 89行]:预测矩阵：
       1         2         3         4       ...  193579  193585  193587  193609
1    0.000000  3.671266  0.000000  0.000000  ...     0.0     0.0     0.0     0.0
2    0.420620  0.000000  0.337570  0.000000  ...     0.0     0.0     0.0     0.0
3    0.000000  0.000000  0.000000  0.000000  ...     0.0     0.0     0.0     0.0
4    1.995939  1.597424  0.000000  0.000000  ...     0.0     0.0     0.0     0.0
5    0.000000  3.258244  0.000000  0.000000  ...     0.0     0.0     0.0     0.0
..        ...       ...       ...       ...  ...     ...     ...     ...     ...
606  0.000000  3.467494  0.000000  0.707345  ...     0.0     0.0     0.0     0.0
607  1.746190  2.373692  0.385117  0.333333  ...     0.0     0.0     0.0     0.0
608  0.000000  0.000000  0.000000  0.000000  ...     0.0     0.0     0.0     0.0
609  0.000000  1.228534  0.000000  0.000000  ...     0.0     0.0     0.0     0.0
610  0.000000  0.892203  0.711021  0.000000  ...     0.0     0.0     0.0     0.0

[610 rows x 8979 columns]
[INFO 2020-02-12 16:13:48,891 ItemCF.py 117行]:K=33,N=10,准确率23.31%,召回率7.03%,覆盖率5.33%,流行度4.602820365436546
[INFO 2020-02-12 16:13:48,896 ItemCF.py 76行]:开始推荐,K=34
[DEBUG 2020-02-12 16:16:12,284 ItemCF.py 89行]:预测矩阵：
       1         2         3         4       ...  193579  193585  193587  193609
1    0.000000  3.671266  0.000000  0.000000  ...     0.0     0.0     0.0     0.0
2    0.420620  0.000000  0.337570  0.000000  ...     0.0     0.0     0.0     0.0
3    0.000000  0.000000  0.000000  0.000000  ...     0.0     0.0     0.0     0.0
4    2.411248  1.597424  0.000000  0.000000  ...     0.0     0.0     0.0     0.0
5    0.000000  3.258244  0.000000  0.000000  ...     0.0     0.0     0.0     0.0
..        ...       ...       ...       ...  ...     ...     ...     ...     ...
606  0.000000  3.467494  0.000000  0.707345  ...     0.0     0.0     0.0     0.0
607  1.746190  2.373692  0.385117  0.333333  ...     0.0     0.0     0.0     0.0
608  0.000000  0.000000  0.000000  0.000000  ...     0.0     0.0     0.0     0.0
609  0.000000  1.228534  0.000000  0.000000  ...     0.0     0.0     0.0     0.0
610  0.000000  0.892203  0.711021  0.000000  ...     0.0     0.0     0.0     0.0

[610 rows x 8979 columns]
[INFO 2020-02-12 16:16:13,353 ItemCF.py 117行]:K=34,N=10,准确率23.39%,召回率7.05%,覆盖率5.29%,流行度4.610825695704544
[INFO 2020-02-12 16:16:13,358 ItemCF.py 76行]:开始推荐,K=35
[DEBUG 2020-02-12 16:18:37,138 ItemCF.py 89行]:预测矩阵：
       1         2         3         4       ...  193579  193585  193587  193609
1    0.000000  3.671266  0.000000  0.000000  ...     0.0     0.0     0.0     0.0
2    0.420620  0.000000  0.337570  0.000000  ...     0.0     0.0     0.0     0.0
3    0.000000  0.000000  0.000000  0.000000  ...     0.0     0.0     0.0     0.0
4    2.411248  1.597424  0.000000  0.000000  ...     0.0     0.0     0.0     0.0
5    0.000000  3.948090  0.000000  0.000000  ...     0.0     0.0     0.0     0.0
..        ...       ...       ...       ...  ...     ...     ...     ...     ...
606  0.000000  3.808409  0.000000  0.707345  ...     0.0     0.0     0.0     0.0
607  1.746190  2.805557  0.385117  0.333333  ...     0.0     0.0     0.0     0.0
608  0.000000  0.000000  0.000000  0.000000  ...     0.0     0.0     0.0     0.0
609  0.000000  1.228534  0.000000  0.000000  ...     0.0     0.0     0.0     0.0
610  0.000000  1.324068  0.711021  0.000000  ...     0.0     0.0     0.0     0.0

[610 rows x 8979 columns]
[INFO 2020-02-12 16:18:38,195 ItemCF.py 117行]:K=35,N=10,准确率23.34%,召回率7.04%,覆盖率5.31%,流行度4.6092133890420985
[INFO 2020-02-12 16:18:38,200 ItemCF.py 76行]:开始推荐,K=36
[DEBUG 2020-02-12 16:21:07,439 ItemCF.py 89行]:预测矩阵：
       1         2         3         4       ...  193579  193585  193587  193609
1    0.000000  3.671266  0.000000  0.000000  ...     0.0     0.0     0.0     0.0
2    0.420620  0.000000  0.337570  0.000000  ...     0.0     0.0     0.0     0.0
3    0.000000  0.000000  0.000000  0.000000  ...     0.0     0.0     0.0     0.0
4    2.411248  1.597424  0.000000  0.000000  ...     0.0     0.0     0.0     0.0
5    0.000000  3.948090  0.000000  0.000000  ...     0.0     0.0     0.0     0.0
..        ...       ...       ...       ...  ...     ...     ...     ...     ...
606  0.000000  3.808409  0.000000  0.707345  ...     0.0     0.0     0.0     0.0
607  1.746190  2.805557  0.385117  0.333333  ...     0.0     0.0     0.0     0.0
608  0.000000  0.000000  0.000000  0.000000  ...     0.0     0.0     0.0     0.0
609  0.000000  1.669215  0.000000  0.000000  ...     0.0     0.0     0.0     0.0
610  0.000000  1.764749  0.711021  0.000000  ...     0.0     0.0     0.0     0.0

[610 rows x 8979 columns]
[INFO 2020-02-12 16:21:08,514 ItemCF.py 117行]:K=36,N=10,准确率23.31%,召回率7.03%,覆盖率5.33%,流行度4.609750035424667
[INFO 2020-02-12 16:21:08,519 ItemCF.py 76行]:开始推荐,K=37
[DEBUG 2020-02-12 16:23:38,458 ItemCF.py 89行]:预测矩阵：
       1         2         3         4       ...  193579  193585  193587  193609
1    0.000000  3.671266  0.000000  0.000000  ...     0.0     0.0     0.0     0.0
2    0.420620  0.000000  0.337570  0.000000  ...     0.0     0.0     0.0     0.0
3    0.000000  0.000000  0.000000  0.000000  ...     0.0     0.0     0.0     0.0
4    2.411248  1.597424  0.000000  0.000000  ...     0.0     0.0     0.0     0.0
5    0.000000  3.948090  0.000000  0.000000  ...     0.0     0.0     0.0     0.0
..        ...       ...       ...       ...  ...     ...     ...     ...     ...
606  0.000000  3.808409  0.000000  0.707345  ...     0.0     0.0     0.0     0.0
607  2.074835  2.805557  0.385117  0.333333  ...     0.0     0.0     0.0     0.0
608  0.000000  0.000000  0.000000  0.000000  ...     0.0     0.0     0.0     0.0
609  0.000000  1.669215  0.000000  0.000000  ...     0.0     0.0     0.0     0.0
610  0.000000  1.764749  0.711021  0.000000  ...     0.0     0.0     0.0     0.0

[610 rows x 8979 columns]
[INFO 2020-02-12 16:23:39,522 ItemCF.py 117行]:K=37,N=10,准确率23.24%,召回率7.01%,覆盖率5.32%,流行度4.61023689760106
[INFO 2020-02-12 16:23:39,528 ItemCF.py 76行]:开始推荐,K=38
[DEBUG 2020-02-12 16:26:12,243 ItemCF.py 89行]:预测矩阵：
       1         2         3         4       ...  193579  193585  193587  193609
1    0.000000  3.671266  0.000000  0.000000  ...     0.0     0.0     0.0     0.0
2    0.420620  0.000000  0.337570  0.000000  ...     0.0     0.0     0.0     0.0
3    0.000000  0.000000  0.000000  0.000000  ...     0.0     0.0     0.0     0.0
4    2.411248  1.597424  0.000000  0.000000  ...     0.0     0.0     0.0     0.0
5    0.000000  3.948090  0.000000  0.000000  ...     0.0     0.0     0.0     0.0
..        ...       ...       ...       ...  ...     ...     ...     ...     ...
606  0.000000  3.808409  0.000000  0.996021  ...     0.0     0.0     0.0     0.0
607  2.507974  2.805557  0.385117  0.333333  ...     0.0     0.0     0.0     0.0
608  0.000000  0.000000  0.000000  0.000000  ...     0.0     0.0     0.0     0.0
609  0.000000  1.669215  0.000000  0.000000  ...     0.0     0.0     0.0     0.0
610  0.000000  1.764749  0.711021  0.000000  ...     0.0     0.0     0.0     0.0

[610 rows x 8979 columns]
[INFO 2020-02-12 16:26:13,308 ItemCF.py 117行]:K=38,N=10,准确率23.27%,召回率7.02%,覆盖率5.37%,流行度4.6076580134763585
[INFO 2020-02-12 16:26:13,313 ItemCF.py 76行]:开始推荐,K=39
[DEBUG 2020-02-12 16:28:48,464 ItemCF.py 89行]:预测矩阵：
       1         2         3         4       ...  193579  193585  193587  193609
1    0.000000  3.671266  0.000000  0.000000  ...     0.0     0.0     0.0     0.0
2    0.420620  0.000000  0.337570  0.000000  ...     0.0     0.0     0.0     0.0
3    0.000000  0.000000  0.000000  0.000000  ...     0.0     0.0     0.0     0.0
4    2.773942  1.597424  0.000000  0.000000  ...     0.0     0.0     0.0     0.0
5    0.000000  3.948090  0.000000  0.000000  ...     0.0     0.0     0.0     0.0
..        ...       ...       ...       ...  ...     ...     ...     ...     ...
606  0.000000  3.808409  0.000000  0.996021  ...     0.0     0.0     0.0     0.0
607  2.867250  2.805557  0.385117  0.333333  ...     0.0     0.0     0.0     0.0
608  0.000000  0.000000  0.000000  0.000000  ...     0.0     0.0     0.0     0.0
609  0.000000  1.669215  0.000000  0.000000  ...     0.0     0.0     0.0     0.0
610  0.000000  1.764749  0.711021  0.000000  ...     0.0     0.0     0.0     0.0

[610 rows x 8979 columns]
[INFO 2020-02-12 16:28:49,525 ItemCF.py 117行]:K=39,N=10,准确率23.39%,召回率7.05%,覆盖率5.32%,流行度4.613173047120005
[INFO 2020-02-12 16:28:49,531 ItemCF.py 76行]:开始推荐,K=40
[DEBUG 2020-02-12 16:31:23,776 ItemCF.py 89行]:预测矩阵：
       1         2         3         4       ...  193579  193585  193587  193609
1    0.000000  3.671266  0.000000  0.000000  ...     0.0     0.0     0.0     0.0
2    0.420620  0.000000  0.337570  0.000000  ...     0.0     0.0     0.0     0.0
3    0.000000  0.000000  0.000000  0.000000  ...     0.0     0.0     0.0     0.0
4    2.773942  1.597424  0.000000  0.000000  ...     0.0     0.0     0.0     0.0
5    0.000000  3.948090  0.000000  0.000000  ...     0.0     0.0     0.0     0.0
..        ...       ...       ...       ...  ...     ...     ...     ...     ...
606  0.000000  3.808409  0.000000  0.996021  ...     0.0     0.0     0.0     0.0
607  2.867250  3.187439  0.385117  0.333333  ...     0.0     0.0     0.0     0.0
608  0.000000  0.000000  0.000000  0.000000  ...     0.0     0.0     0.0     0.0
609  0.000000  2.051096  0.000000  0.000000  ...     0.0     0.0     0.0     0.0
610  0.000000  1.764749  0.711021  0.000000  ...     0.0     0.0     0.0     0.0

[610 rows x 8979 columns]
[INFO 2020-02-12 16:31:24,846 ItemCF.py 117行]:K=40,N=10,准确率23.27%,召回率7.02%,覆盖率5.26%,流行度4.612919086345019
