[DEBUG 2020-02-12 17:17:40,468 UserCF.py 39行]:users长度:610
[DEBUG 2020-02-12 17:17:40,468 UserCF.py 40行]:items长度:8979
[DEBUG 2020-02-12 17:17:41,866 UserCF.py 46行]:训练集评分矩阵:
     1       2       3       4       ...  193579  193585  193587  193609
1       1.0     0.0     1.0     0.0  ...     0.0     0.0     0.0     0.0
2       0.0     0.0     0.0     0.0  ...     0.0     0.0     0.0     0.0
3       0.0     0.0     0.0     0.0  ...     0.0     0.0     0.0     0.0
4       0.0     0.0     0.0     0.0  ...     0.0     0.0     0.0     0.0
5       1.0     0.0     0.0     0.0  ...     0.0     0.0     0.0     0.0
..      ...     ...     ...     ...  ...     ...     ...     ...     ...
606     1.0     0.0     0.0     0.0  ...     0.0     0.0     0.0     0.0
607     0.0     0.0     0.0     0.0  ...     0.0     0.0     0.0     0.0
608     1.0     1.0     1.0     0.0  ...     0.0     0.0     0.0     0.0
609     1.0     0.0     0.0     0.0  ...     0.0     0.0     0.0     0.0
610     1.0     0.0     0.0     0.0  ...     0.0     0.0     0.0     0.0

[610 rows x 8979 columns]
[DEBUG 2020-02-12 17:17:42,524 UserCF.py 54行]:测试集评分矩阵:
     1       2       3       4       ...  190215  190219  193581  193583
1       0.0     0.0     0.0     0.0  ...     0.0     0.0     0.0     0.0
2       0.0     0.0     0.0     0.0  ...     0.0     0.0     0.0     0.0
3       0.0     0.0     0.0     0.0  ...     0.0     0.0     0.0     0.0
4       0.0     0.0     0.0     0.0  ...     0.0     0.0     0.0     0.0
5       0.0     0.0     0.0     0.0  ...     0.0     0.0     0.0     0.0
..      ...     ...     ...     ...  ...     ...     ...     ...     ...
606     0.0     0.0     0.0     0.0  ...     0.0     0.0     0.0     0.0
607     1.0     0.0     0.0     0.0  ...     0.0     0.0     0.0     0.0
608     0.0     0.0     0.0     0.0  ...     0.0     0.0     0.0     0.0
609     0.0     0.0     0.0     0.0  ...     0.0     0.0     0.0     0.0
610     0.0     0.0     0.0     0.0  ...     0.0     0.0     0.0     0.0

[608 rows x 5084 columns]
[DEBUG 2020-02-12 17:17:42,780 UserCF.py 69行]:user相似度矩阵：
          1         2         3    ...       608       609       610
1    1.000000  0.015131  0.063562  ...  0.257158  0.065518  0.103683
2    0.015131  1.000000  0.000000  ...  0.023605  0.036084  0.063449
3    0.063562  0.000000  1.000000  ...  0.046275  0.000000  0.021323
4    0.196679  0.015475  0.000000  ...  0.134424  0.026803  0.077762
5    0.112765  0.034503  0.028989  ...  0.136829  0.179284  0.036778
..        ...       ...       ...  ...       ...       ...       ...
606  0.138859  0.013905  0.029206  ...  0.217945  0.042147  0.147160
607  0.221728  0.016502  0.027730  ...  0.224377  0.114332  0.092979
608  0.257158  0.023605  0.046275  ...  1.000000  0.081771  0.234843
609  0.065518  0.036084  0.000000  ...  0.081771  1.000000  0.032969
610  0.103683  0.063449  0.021323  ...  0.234843  0.032969  1.000000

[610 rows x 610 columns]
[INFO 2020-02-12 17:17:42,786 UserCF.py 77行]:开始推荐,K=5
[DEBUG 2020-02-12 17:18:06,109 UserCF.py 90行]:预测矩阵：
       1         2         3       4       ...  193579  193585  193587  193609
1    0.000000  0.273059  0.000000     0.0  ...     0.0     0.0     0.0     0.0
2    0.548521  0.000000  0.000000     0.0  ...     0.0     0.0     0.0     0.0
3    0.082792  0.168116  0.082792     0.0  ...     0.0     0.0     0.0     0.0
4    0.502903  0.000000  0.000000     0.0  ...     0.0     0.0     0.0     0.0
5    0.000000  0.000000  0.474959     0.0  ...     0.0     0.0     0.0     0.0
..        ...       ...       ...     ...  ...     ...     ...     ...     ...
606  0.000000  0.803358  0.269463     0.0  ...     0.0     0.0     0.0     0.0
607  0.806916  0.523958  0.000000     0.0  ...     0.0     0.0     0.0     0.0
608  0.000000  0.000000  0.000000     0.0  ...     0.0     0.0     0.0     0.0
609  0.000000  0.000000  0.453531     0.0  ...     0.0     0.0     0.0     0.0
610  0.000000  1.323247  0.313650     0.0  ...     0.0     0.0     0.0     0.0

[610 rows x 8979 columns]
[INFO 2020-02-12 17:18:07,259 UserCF.py 118行]:K=5,N=10,准确率21.78%,召回率6.56%,覆盖率8.80%,流行度4.552490203382644
[INFO 2020-02-12 17:18:07,265 UserCF.py 77行]:开始推荐,K=6
[DEBUG 2020-02-12 17:18:35,979 UserCF.py 90行]:预测矩阵：
       1         2         3       4       ...  193579  193585  193587  193609
1    0.000000  0.273059  0.000000     0.0  ...     0.0     0.0     0.0     0.0
2    0.548521  0.000000  0.000000     0.0  ...     0.0     0.0     0.0     0.0
3    0.160800  0.246124  0.082792     0.0  ...     0.0     0.0     0.0     0.0
4    0.728166  0.000000  0.000000     0.0  ...     0.0     0.0     0.0     0.0
5    0.000000  0.431666  0.906625     0.0  ...     0.0     0.0     0.0     0.0
..        ...       ...       ...     ...  ...     ...     ...     ...     ...
606  0.000000  0.803358  0.269463     0.0  ...     0.0     0.0     0.0     0.0
607  1.063038  0.523958  0.000000     0.0  ...     0.0     0.0     0.0     0.0
608  0.000000  0.000000  0.000000     0.0  ...     0.0     0.0     0.0     0.0
609  0.000000  0.000000  0.453531     0.0  ...     0.0     0.0     0.0     0.0
610  0.000000  1.621770  0.313650     0.0  ...     0.0     0.0     0.0     0.0

[610 rows x 8979 columns]
[INFO 2020-02-12 17:18:37,181 UserCF.py 118行]:K=6,N=10,准确率22.98%,召回率6.93%,覆盖率8.15%,流行度4.590203204011361
[INFO 2020-02-12 17:18:37,187 UserCF.py 77行]:开始推荐,K=7
[DEBUG 2020-02-12 17:19:09,506 UserCF.py 90行]:预测矩阵：
       1         2         3       4       ...  193579  193585  193587  193609
1    0.000000  0.539758  0.000000     0.0  ...     0.0     0.0     0.0     0.0
2    0.548521  0.000000  0.000000     0.0  ...     0.0     0.0     0.0     0.0
3    0.160800  0.246124  0.082792     0.0  ...     0.0     0.0     0.0     0.0
4    0.948409  0.220243  0.000000     0.0  ...     0.0     0.0     0.0     0.0
5    0.000000  0.860026  0.906625     0.0  ...     0.0     0.0     0.0     0.0
..        ...       ...       ...     ...  ...     ...     ...     ...     ...
606  0.000000  0.803358  0.269463     0.0  ...     0.0     0.0     0.0     0.0
607  1.311547  0.523958  0.000000     0.0  ...     0.0     0.0     0.0     0.0
608  0.000000  0.000000  0.000000     0.0  ...     0.0     0.0     0.0     0.0
609  0.000000  0.000000  0.453531     0.0  ...     0.0     0.0     0.0     0.0
610  0.000000  1.907500  0.313650     0.0  ...     0.0     0.0     0.0     0.0

[610 rows x 8979 columns]
[INFO 2020-02-12 17:19:10,650 UserCF.py 118行]:K=7,N=10,准确率23.59%,召回率7.11%,覆盖率7.65%,流行度4.63004197658347
[INFO 2020-02-12 17:19:10,655 UserCF.py 77行]:开始推荐,K=8
[DEBUG 2020-02-12 17:19:47,674 UserCF.py 90行]:预测矩阵：
       1         2         3       4       ...  193579  193585  193587  193609
1    0.000000  0.539758  0.000000     0.0  ...     0.0     0.0     0.0     0.0
2    0.712424  0.000000  0.000000     0.0  ...     0.0     0.0     0.0     0.0
3    0.160800  0.320759  0.082792     0.0  ...     0.0     0.0     0.0     0.0
4    1.160032  0.220243  0.000000     0.0  ...     0.0     0.0     0.0     0.0
5    0.000000  0.860026  0.906625     0.0  ...     0.0     0.0     0.0     0.0
..        ...       ...       ...     ...  ...     ...     ...     ...     ...
606  0.000000  1.048541  0.514646     0.0  ...     0.0     0.0     0.0     0.0
607  1.311547  0.769505  0.245547     0.0  ...     0.0     0.0     0.0     0.0
608  0.000000  0.000000  0.000000     0.0  ...     0.0     0.0     0.0     0.0
609  0.000000  0.000000  0.453531     0.0  ...     0.0     0.0     0.0     0.0
610  0.000000  2.190588  0.313650     0.0  ...     0.0     0.0     0.0     0.0

[610 rows x 8979 columns]
[INFO 2020-02-12 17:19:48,863 UserCF.py 118行]:K=8,N=10,准确率24.21%,召回率7.30%,覆盖率7.03%,流行度4.661553145261598
[INFO 2020-02-12 17:19:48,869 UserCF.py 77行]:开始推荐,K=9
[DEBUG 2020-02-12 17:20:33,068 UserCF.py 90行]:预测矩阵：
       1         2         3       4       ...  193579  193585  193587  193609
1    0.000000  0.805851  0.000000     0.0  ...     0.0     0.0     0.0     0.0
2    0.875442  0.000000  0.000000     0.0  ...     0.0     0.0     0.0     0.0
3    0.160800  0.320759  0.082792     0.0  ...     0.0     0.0     0.0     0.0
4    1.160032  0.220243  0.000000     0.0  ...     0.0     0.0     0.0     0.0
5    0.000000  0.860026  0.906625     0.0  ...     0.0     0.0     0.0     0.0
..        ...       ...       ...     ...  ...     ...     ...     ...     ...
606  0.000000  1.048541  0.514646     0.0  ...     0.0     0.0     0.0     0.0
607  1.311547  0.769505  0.488662     0.0  ...     0.0     0.0     0.0     0.0
608  0.000000  0.000000  0.000000     0.0  ...     0.0     0.0     0.0     0.0
609  0.000000  0.000000  0.453531     0.0  ...     0.0     0.0     0.0     0.0
610  0.000000  2.473184  0.313650     0.0  ...     0.0     0.0     0.0     0.0

[610 rows x 8979 columns]
[INFO 2020-02-12 17:20:34,188 UserCF.py 118行]:K=9,N=10,准确率24.87%,召回率7.50%,覆盖率6.67%,流行度4.684837897908495
[INFO 2020-02-12 17:20:34,194 UserCF.py 77行]:开始推荐,K=10
[DEBUG 2020-02-12 17:21:20,298 UserCF.py 90行]:预测矩阵：
       1         2         3       4       ...  193579  193585  193587  193609
1    0.000000  1.065140  0.000000     0.0  ...     0.0     0.0     0.0     0.0
2    0.875442  0.000000  0.000000     0.0  ...     0.0     0.0     0.0     0.0
3    0.234113  0.320759  0.082792     0.0  ...     0.0     0.0     0.0     0.0
4    1.361465  0.220243  0.000000     0.0  ...     0.0     0.0     0.0     0.0
5    0.000000  0.860026  0.906625     0.0  ...     0.0     0.0     0.0     0.0
..        ...       ...       ...     ...  ...     ...     ...     ...     ...
606  0.000000  1.048541  0.514646     0.0  ...     0.0     0.0     0.0     0.0
607  1.311547  1.002406  0.488662     0.0  ...     0.0     0.0     0.0     0.0
608  0.000000  0.000000  0.000000     0.0  ...     0.0     0.0     0.0     0.0
609  0.000000  0.401478  0.453531     0.0  ...     0.0     0.0     0.0     0.0
610  0.000000  2.473184  0.313650     0.0  ...     0.0     0.0     0.0     0.0

[610 rows x 8979 columns]
[INFO 2020-02-12 17:21:21,474 UserCF.py 118行]:K=10,N=10,准确率24.92%,召回率7.51%,覆盖率6.31%,流行度4.708819924418741
[INFO 2020-02-12 17:21:21,480 UserCF.py 77行]:开始推荐,K=11
[DEBUG 2020-02-12 17:22:11,907 UserCF.py 90行]:预测矩阵：
       1         2         3       4       ...  193579  193585  193587  193609
1    0.000000  1.322297  0.000000     0.0  ...     0.0     0.0     0.0     0.0
2    0.875442  0.000000  0.000000     0.0  ...     0.0     0.0     0.0     0.0
3    0.234113  0.320759  0.153927     0.0  ...     0.0     0.0     0.0     0.0
4    1.361465  0.220243  0.000000     0.0  ...     0.0     0.0     0.0     0.0
5    0.000000  1.258512  0.906625     0.0  ...     0.0     0.0     0.0     0.0
..        ...       ...       ...     ...  ...     ...     ...     ...     ...
606  0.000000  1.281490  0.747595     0.0  ...     0.0     0.0     0.0     0.0
607  1.540827  1.231685  0.488662     0.0  ...     0.0     0.0     0.0     0.0
608  0.000000  0.000000  0.000000     0.0  ...     0.0     0.0     0.0     0.0
609  0.000000  0.401478  0.453531     0.0  ...     0.0     0.0     0.0     0.0
610  0.000000  2.473184  0.313650     0.0  ...     0.0     0.0     0.0     0.0

[610 rows x 8979 columns]
[INFO 2020-02-12 17:22:13,007 UserCF.py 118行]:K=11,N=10,准确率25.56%,召回率7.71%,覆盖率5.81%,流行度4.729819192866802
[INFO 2020-02-12 17:22:13,012 UserCF.py 77行]:开始推荐,K=12
[DEBUG 2020-02-12 17:23:09,226 UserCF.py 90行]:预测矩阵：
       1         2         3       4       ...  193579  193585  193587  193609
1    0.000000  1.322297  0.000000     0.0  ...     0.0     0.0     0.0     0.0
2    0.875442  0.000000  0.000000     0.0  ...     0.0     0.0     0.0     0.0
3    0.305007  0.320759  0.224821     0.0  ...     0.0     0.0     0.0     0.0
4    1.361465  0.220243  0.000000     0.0  ...     0.0     0.0     0.0     0.0
5    0.000000  1.258512  0.906625     0.0  ...     0.0     0.0     0.0     0.0
..        ...       ...       ...     ...  ...     ...     ...     ...     ...
606  0.000000  1.281490  0.747595     0.0  ...     0.0     0.0     0.0     0.0
607  1.540827  1.460924  0.488662     0.0  ...     0.0     0.0     0.0     0.0
608  0.000000  0.000000  0.000000     0.0  ...     0.0     0.0     0.0     0.0
609  0.000000  0.401478  0.453531     0.0  ...     0.0     0.0     0.0     0.0
610  0.000000  2.746846  0.313650     0.0  ...     0.0     0.0     0.0     0.0

[610 rows x 8979 columns]
[INFO 2020-02-12 17:23:10,396 UserCF.py 118行]:K=12,N=10,准确率26.02%,召回率7.84%,覆盖率5.42%,流行度4.754646474807559
[INFO 2020-02-12 17:23:10,401 UserCF.py 77行]:开始推荐,K=13
[DEBUG 2020-02-12 17:24:10,648 UserCF.py 90行]:预测矩阵：
       1         2         3        4       ...  193579  193585  193587  193609
1    0.000000  1.575504  0.000000  0.00000  ...     0.0     0.0     0.0     0.0
2    0.875442  0.000000  0.000000  0.00000  ...     0.0     0.0     0.0     0.0
3    0.375113  0.320759  0.224821  0.00000  ...     0.0     0.0     0.0     0.0
4    1.361465  0.220243  0.000000  0.00000  ...     0.0     0.0     0.0     0.0
5    0.000000  1.258512  0.906625  0.00000  ...     0.0     0.0     0.0     0.0
..        ...       ...       ...      ...  ...     ...     ...     ...     ...
606  0.000000  1.281490  0.747595  0.00000  ...     0.0     0.0     0.0     0.0
607  1.540827  1.460924  0.488662  0.00000  ...     0.0     0.0     0.0     0.0
608  0.000000  0.000000  0.000000  0.35227  ...     0.0     0.0     0.0     0.0
609  0.000000  0.401478  0.453531  0.00000  ...     0.0     0.0     0.0     0.0
610  0.000000  3.018008  0.584811  0.00000  ...     0.0     0.0     0.0     0.0

[610 rows x 8979 columns]
[INFO 2020-02-12 17:24:11,755 UserCF.py 118行]:K=13,N=10,准确率25.87%,召回率7.80%,覆盖率5.13%,流行度4.769287205821021
[INFO 2020-02-12 17:24:11,761 UserCF.py 77行]:开始推荐,K=14
[DEBUG 2020-02-12 17:25:19,176 UserCF.py 90行]:预测矩阵：
       1         2         3         4       ...  193579  193585  193587  193609
1    0.000000  1.575504  0.000000  0.000000  ...     0.0     0.0     0.0     0.0
2    0.875442  0.000000  0.000000  0.000000  ...     0.0     0.0     0.0     0.0
3    0.375113  0.320759  0.224821  0.000000  ...     0.0     0.0     0.0     0.0
4    1.558810  0.220243  0.000000  0.000000  ...     0.0     0.0     0.0     0.0
5    0.000000  1.258512  1.296449  0.000000  ...     0.0     0.0     0.0     0.0
..        ...       ...       ...       ...  ...     ...     ...     ...     ...
606  0.000000  1.281490  0.747595  0.227621  ...     0.0     0.0     0.0     0.0
607  1.768789  1.460924  0.488662  0.000000  ...     0.0     0.0     0.0     0.0
608  0.000000  0.000000  0.000000  0.352270  ...     0.0     0.0     0.0     0.0
609  0.000000  0.401478  0.453531  0.000000  ...     0.0     0.0     0.0     0.0
610  0.000000  3.286722  0.853525  0.000000  ...     0.0     0.0     0.0     0.0

[610 rows x 8979 columns]
[INFO 2020-02-12 17:25:20,427 UserCF.py 118行]:K=14,N=10,准确率26.05%,召回率7.85%,覆盖率4.96%,流行度4.781116772681418
[INFO 2020-02-12 17:25:20,433 UserCF.py 77行]:开始推荐,K=15
[DEBUG 2020-02-12 17:26:33,118 UserCF.py 90行]:预测矩阵：
       1         2         3         4       ...  193579  193585  193587  193609
1    0.000000  1.575504  0.000000  0.000000  ...     0.0     0.0     0.0     0.0
2    0.875442  0.000000  0.000000  0.000000  ...     0.0     0.0     0.0     0.0
3    0.375113  0.320759  0.224821  0.000000  ...     0.0     0.0     0.0     0.0
4    1.755489  0.220243  0.196679  0.000000  ...     0.0     0.0     0.0     0.0
5    0.000000  1.258512  1.296449  0.000000  ...     0.0     0.0     0.0     0.0
..        ...       ...       ...       ...  ...     ...     ...     ...     ...
606  0.000000  1.281490  0.975013  0.227621  ...     0.0     0.0     0.0     0.0
607  1.995557  1.687692  0.488662  0.000000  ...     0.0     0.0     0.0     0.0
608  0.000000  0.000000  0.000000  0.352270  ...     0.0     0.0     0.0     0.0
609  0.000000  0.401478  0.453531  0.000000  ...     0.0     0.0     0.0     0.0
610  0.000000  3.286722  1.120926  0.000000  ...     0.0     0.0     0.0     0.0

[610 rows x 8979 columns]
[INFO 2020-02-12 17:26:34,359 UserCF.py 118行]:K=15,N=10,准确率26.30%,召回率7.93%,覆盖率4.81%,流行度4.7964381096591335
[INFO 2020-02-12 17:26:34,365 UserCF.py 77行]:开始推荐,K=16
[DEBUG 2020-02-12 17:27:49,575 UserCF.py 90行]:预测矩阵：
       1         2         3         4       ...  193579  193585  193587  193609
1    0.000000  1.826743  0.000000  0.000000  ...     0.0     0.0     0.0     0.0
2    1.022684  0.000000  0.000000  0.000000  ...     0.0     0.0     0.0     0.0
3    0.375113  0.387764  0.224821  0.000000  ...     0.0     0.0     0.0     0.0
4    1.755489  0.220243  0.196679  0.000000  ...     0.0     0.0     0.0     0.0
5    0.000000  1.258512  1.296449  0.000000  ...     0.0     0.0     0.0     0.0
..        ...       ...       ...       ...  ...     ...     ...     ...     ...
606  0.000000  1.281490  0.975013  0.227621  ...     0.0     0.0     0.0     0.0
607  2.221926  1.914061  0.488662  0.000000  ...     0.0     0.0     0.0     0.0
608  0.000000  0.000000  0.000000  0.352270  ...     0.0     0.0     0.0     0.0
609  0.000000  0.401478  0.453531  0.000000  ...     0.0     0.0     0.0     0.0
610  0.000000  3.553577  1.120926  0.000000  ...     0.0     0.0     0.0     0.0

[610 rows x 8979 columns]
[INFO 2020-02-12 17:27:50,777 UserCF.py 118行]:K=16,N=10,准确率26.60%,召回率8.02%,覆盖率4.68%,流行度4.809166835923746
[INFO 2020-02-12 17:27:50,782 UserCF.py 77行]:开始推荐,K=17
[DEBUG 2020-02-12 17:29:09,879 UserCF.py 90行]:预测矩阵：
       1         2         3         4       ...  193579  193585  193587  193609
1    0.000000  2.077774  0.000000  0.000000  ...     0.0     0.0     0.0     0.0
2    1.164218  0.141535  0.000000  0.000000  ...     0.0     0.0     0.0     0.0
3    0.375113  0.387764  0.224821  0.000000  ...     0.0     0.0     0.0     0.0
4    1.947218  0.411971  0.196679  0.000000  ...     0.0     0.0     0.0     0.0
5    0.000000  1.642398  1.296449  0.000000  ...     0.0     0.0     0.0     0.0
..        ...       ...       ...       ...  ...     ...     ...     ...     ...
606  0.000000  1.501205  0.975013  0.227621  ...     0.0     0.0     0.0     0.0
607  2.221926  2.139678  0.488662  0.000000  ...     0.0     0.0     0.0     0.0
608  0.000000  0.000000  0.000000  0.352270  ...     0.0     0.0     0.0     0.0
609  0.000000  0.401478  0.453531  0.000000  ...     0.0     0.0     0.0     0.0
610  0.000000  3.820120  1.120926  0.000000  ...     0.0     0.0     0.0     0.0

[610 rows x 8979 columns]
[INFO 2020-02-12 17:29:11,063 UserCF.py 118行]:K=17,N=10,准确率26.97%,召回率8.13%,覆盖率4.54%,流行度4.818259265246775
[INFO 2020-02-12 17:29:11,069 UserCF.py 77行]:开始推荐,K=18
[DEBUG 2020-02-12 17:38:28,106 UserCF.py 90行]:预测矩阵：
       1         2         3         4       ...  193579  193585  193587  193609
1    0.000000  2.077774  0.000000  0.000000  ...     0.0     0.0     0.0     0.0
2    1.164218  0.141535  0.000000  0.000000  ...     0.0     0.0     0.0     0.0
3    0.375113  0.387764  0.224821  0.000000  ...     0.0     0.0     0.0     0.0
4    1.947218  0.411971  0.196679  0.000000  ...     0.0     0.0     0.0     0.0
5    0.000000  1.642398  1.296449  0.000000  ...     0.0     0.0     0.0     0.0
..        ...       ...       ...       ...  ...     ...     ...     ...     ...
606  0.000000  1.501205  0.975013  0.227621  ...     0.0     0.0     0.0     0.0
607  2.221926  2.139678  0.488662  0.000000  ...     0.0     0.0     0.0     0.0
608  0.000000  0.000000  0.000000  0.352270  ...     0.0     0.0     0.0     0.0
609  0.000000  0.401478  0.453531  0.000000  ...     0.0     0.0     0.0     0.0
610  0.000000  4.084565  1.120926  0.000000  ...     0.0     0.0     0.0     0.0

[610 rows x 8979 columns]
[INFO 2020-02-12 17:38:29,307 UserCF.py 118行]:K=18,N=10,准确率26.97%,召回率8.13%,覆盖率4.43%,流行度4.827439145047095
[INFO 2020-02-12 17:38:29,313 UserCF.py 77行]:开始推荐,K=19
[DEBUG 2020-02-12 17:40:03,054 UserCF.py 90行]:预测矩阵：
       1         2         3         4       ...  193579  193585  193587  193609
1    0.000000  2.077774  0.000000  0.000000  ...     0.0     0.0     0.0     0.0
2    1.304764  0.141535  0.000000  0.000000  ...     0.0     0.0     0.0     0.0
3    0.375113  0.387764  0.224821  0.000000  ...     0.0     0.0     0.0     0.0
4    1.947218  0.411971  0.385111  0.000000  ...     0.0     0.0     0.0     0.0
5    0.000000  1.642398  1.296449  0.000000  ...     0.0     0.0     0.0     0.0
..        ...       ...       ...       ...  ...     ...     ...     ...     ...
606  0.000000  1.719150  1.192958  0.227621  ...     0.0     0.0     0.0     0.0
607  2.446304  2.364056  0.713039  0.000000  ...     0.0     0.0     0.0     0.0
608  0.000000  0.000000  0.000000  0.352270  ...     0.0     0.0     0.0     0.0
609  0.000000  0.401478  0.453531  0.000000  ...     0.0     0.0     0.0     0.0
610  0.000000  4.340645  1.120926  0.000000  ...     0.0     0.0     0.0     0.0

[610 rows x 8979 columns]
[INFO 2020-02-12 17:40:04,206 UserCF.py 118行]:K=19,N=10,准确率27.11%,召回率8.17%,覆盖率4.31%,流行度4.839688020072516
[INFO 2020-02-12 17:40:04,212 UserCF.py 77行]:开始推荐,K=20
[DEBUG 2020-02-12 17:41:37,287 UserCF.py 90行]:预测矩阵：
       1         2         3         4       ...  193579  193585  193587  193609
1    0.000000  2.077774  0.000000  0.000000  ...     0.0     0.0     0.0     0.0
2    1.304764  0.141535  0.000000  0.000000  ...     0.0     0.0     0.0     0.0
3    0.375113  0.387764  0.224821  0.000000  ...     0.0     0.0     0.0     0.0
4    2.132274  0.597027  0.385111  0.000000  ...     0.0     0.0     0.0     0.0
5    0.000000  1.642398  1.296449  0.000000  ...     0.0     0.0     0.0     0.0
..        ...       ...       ...       ...  ...     ...     ...     ...     ...
606  0.000000  1.936431  1.410239  0.227621  ...     0.0     0.0     0.0     0.0
607  2.670216  2.364056  0.713039  0.000000  ...     0.0     0.0     0.0     0.0
608  0.000000  0.000000  0.000000  0.352270  ...     0.0     0.0     0.0     0.0
609  0.000000  0.401478  0.453531  0.000000  ...     0.0     0.0     0.0     0.0
610  0.000000  4.592133  1.120926  0.000000  ...     0.0     0.0     0.0     0.0

[610 rows x 8979 columns]
[INFO 2020-02-12 17:41:38,466 UserCF.py 118行]:K=20,N=10,准确率27.04%,召回率8.15%,覆盖率4.09%,流行度4.853151750333675
[INFO 2020-02-12 17:41:38,472 UserCF.py 77行]:开始推荐,K=21
[DEBUG 2020-02-12 17:43:16,779 UserCF.py 90行]:预测矩阵：
       1         2         3         4       ...  193579  193585  193587  193609
1    0.000000  2.077774  0.000000  0.000000  ...     0.0     0.0     0.0     0.0
2    1.304764  0.141535  0.000000  0.000000  ...     0.0     0.0     0.0     0.0
3    0.438674  0.387764  0.288383  0.000000  ...     0.0     0.0     0.0     0.0
4    2.315696  0.597027  0.568533  0.000000  ...     0.0     0.0     0.0     0.0
5    0.000000  1.642398  1.296449  0.000000  ...     0.0     0.0     0.0     0.0
..        ...       ...       ...       ...  ...     ...     ...     ...     ...
606  0.000000  2.153188  1.410239  0.227621  ...     0.0     0.0     0.0     0.0
607  2.892999  2.364056  0.713039  0.000000  ...     0.0     0.0     0.0     0.0
608  0.000000  0.000000  0.000000  0.352270  ...     0.0     0.0     0.0     0.0
609  0.000000  0.401478  0.453531  0.000000  ...     0.0     0.0     0.0     0.0
610  0.000000  4.841732  1.120926  0.000000  ...     0.0     0.0     0.0     0.0

[610 rows x 8979 columns]
[INFO 2020-02-12 17:43:17,930 UserCF.py 118行]:K=21,N=10,准确率27.25%,召回率8.22%,覆盖率4.08%,流行度4.860489260077318
[INFO 2020-02-12 17:43:17,936 UserCF.py 77行]:开始推荐,K=22
[DEBUG 2020-02-12 17:45:01,107 UserCF.py 90行]:预测矩阵：
       1         2         3         4       ...  193579  193585  193587  193609
1    0.000000  2.077774  0.000000  0.000000  ...     0.0     0.0     0.0     0.0
2    1.304764  0.141535  0.000000  0.000000  ...     0.0     0.0     0.0     0.0
3    0.438674  0.387764  0.288383  0.062622  ...     0.0     0.0     0.0     0.0
4    2.499096  0.597027  0.568533  0.000000  ...     0.0     0.0     0.0     0.0
5    0.000000  1.642398  1.296449  0.000000  ...     0.0     0.0     0.0     0.0
..        ...       ...       ...       ...  ...     ...     ...     ...     ...
606  0.000000  2.153188  1.410239  0.227621  ...     0.0     0.0     0.0     0.0
607  3.114727  2.364056  0.934767  0.000000  ...     0.0     0.0     0.0     0.0
608  0.000000  0.000000  0.000000  0.352270  ...     0.0     0.0     0.0     0.0
609  0.000000  0.744058  0.453531  0.000000  ...     0.0     0.0     0.0     0.0
610  0.000000  4.841732  1.120926  0.000000  ...     0.0     0.0     0.0     0.0

[610 rows x 8979 columns]
[INFO 2020-02-12 17:45:02,257 UserCF.py 118行]:K=22,N=10,准确率27.32%,召回率8.24%,覆盖率3.92%,流行度4.86653952125255
[INFO 2020-02-12 17:45:02,263 UserCF.py 77行]:开始推荐,K=23
[DEBUG 2020-02-12 17:46:49,664 UserCF.py 90行]:预测矩阵：
       1         2         3         4       ...  193579  193585  193587  193609
1    0.000000  2.077774  0.000000  0.000000  ...     0.0     0.0     0.0     0.0
2    1.304764  0.141535  0.000000  0.000000  ...     0.0     0.0     0.0     0.0
3    0.500239  0.449328  0.288383  0.062622  ...     0.0     0.0     0.0     0.0
4    2.681445  0.597027  0.568533  0.000000  ...     0.0     0.0     0.0     0.0
5    0.000000  2.016499  1.296449  0.000000  ...     0.0     0.0     0.0     0.0
..        ...       ...       ...       ...  ...     ...     ...     ...     ...
606  0.000000  2.153188  1.410239  0.227621  ...     0.0     0.0     0.0     0.0
607  3.114727  2.584548  1.155259  0.000000  ...     0.0     0.0     0.0     0.0
608  0.000000  0.000000  0.000000  0.352270  ...     0.0     0.0     0.0     0.0
609  0.000000  1.084265  0.453531  0.000000  ...     0.0     0.0     0.0     0.0
610  0.000000  4.841732  1.120926  0.000000  ...     0.0     0.0     0.0     0.0

[610 rows x 8979 columns]
[INFO 2020-02-12 17:46:50,844 UserCF.py 118行]:K=23,N=10,准确率27.27%,召回率8.22%,覆盖率3.88%,流行度4.873609834665216
[INFO 2020-02-12 17:46:50,851 UserCF.py 77行]:开始推荐,K=24
[DEBUG 2020-02-12 17:48:43,284 UserCF.py 90行]:预测矩阵：
       1         2         3         4       ...  193579  193585  193587  193609
1    0.000000  2.316213  0.000000  0.000000  ...     0.0     0.0     0.0     0.0
2    1.304764  0.273296  0.000000  0.000000  ...     0.0     0.0     0.0     0.0
3    0.500239  0.510280  0.349335  0.062622  ...     0.0     0.0     0.0     0.0
4    2.863545  0.597027  0.568533  0.000000  ...     0.0     0.0     0.0     0.0
5    0.000000  2.016499  1.296449  0.000000  ...     0.0     0.0     0.0     0.0
..        ...       ...       ...       ...  ...     ...     ...     ...     ...
606  0.000000  2.365936  1.410239  0.227621  ...     0.0     0.0     0.0     0.0
607  3.332173  2.801994  1.372705  0.000000  ...     0.0     0.0     0.0     0.0
608  0.000000  0.000000  0.000000  0.352270  ...     0.0     0.0     0.0     0.0
609  0.000000  1.084265  0.453531  0.000000  ...     0.0     0.0     0.0     0.0
610  0.000000  4.841732  1.120926  0.000000  ...     0.0     0.0     0.0     0.0

[610 rows x 8979 columns]
[INFO 2020-02-12 17:48:44,451 UserCF.py 118行]:K=24,N=10,准确率27.24%,召回率8.21%,覆盖率3.89%,流行度4.880001656201048
[INFO 2020-02-12 17:48:44,456 UserCF.py 77行]:开始推荐,K=25
[DEBUG 2020-02-12 17:50:42,088 UserCF.py 90行]:预测矩阵：
       1         2         3         4       ...  193579  193585  193587  193609
1    0.000000  2.552590  0.000000  0.000000  ...     0.0     0.0     0.0     0.0
2    1.436461  0.404993  0.000000  0.000000  ...     0.0     0.0     0.0     0.0
3    0.500239  0.510280  0.349335  0.062622  ...     0.0     0.0     0.0     0.0
4    2.863545  0.597027  0.749227  0.000000  ...     0.0     0.0     0.0     0.0
5    0.000000  2.016499  1.296449  0.000000  ...     0.0     0.0     0.0     0.0
..        ...       ...       ...       ...  ...     ...     ...     ...     ...
606  0.000000  2.365936  1.410239  0.227621  ...     0.0     0.0     0.0     0.0
607  3.332173  2.801994  1.372705  0.000000  ...     0.0     0.0     0.0     0.0
608  0.000000  0.000000  0.000000  0.352270  ...     0.0     0.0     0.0     0.0
609  0.000000  1.084265  0.453531  0.000000  ...     0.0     0.0     0.0     0.0
610  0.000000  4.841732  1.120926  0.000000  ...     0.0     0.0     0.0     0.0

[610 rows x 8979 columns]
[INFO 2020-02-12 17:50:43,253 UserCF.py 118行]:K=25,N=10,准确率27.09%,召回率8.17%,覆盖率3.80%,流行度4.885863777723811
[INFO 2020-02-12 17:50:43,259 UserCF.py 77行]:开始推荐,K=26
[DEBUG 2020-02-12 17:52:44,985 UserCF.py 90行]:预测矩阵：
       1         2         3         4       ...  193579  193585  193587  193609
1    0.000000  2.788612  0.000000  0.000000  ...     0.0     0.0     0.0     0.0
2    1.436461  0.404993  0.000000  0.000000  ...     0.0     0.0     0.0     0.0
3    0.500239  0.570089  0.349335  0.062622  ...     0.0     0.0     0.0     0.0
4    3.043612  0.597027  0.749227  0.180067  ...     0.0     0.0     0.0     0.0
5    0.000000  2.384416  1.296449  0.000000  ...     0.0     0.0     0.0     0.0
..        ...       ...       ...       ...  ...     ...     ...     ...     ...
606  0.000000  2.365936  1.410239  0.227621  ...     0.0     0.0     0.0     0.0
607  3.548241  2.801994  1.372705  0.000000  ...     0.0     0.0     0.0     0.0
608  0.000000  0.000000  0.000000  0.352270  ...     0.0     0.0     0.0     0.0
609  0.000000  1.084265  0.453531  0.000000  ...     0.0     0.0     0.0     0.0
610  0.000000  4.841732  1.120926  0.000000  ...     0.0     0.0     0.0     0.0

[610 rows x 8979 columns]
[INFO 2020-02-12 17:52:46,157 UserCF.py 118行]:K=26,N=10,准确率27.11%,召回率8.17%,覆盖率3.61%,流行度4.893410873601253
[INFO 2020-02-12 17:52:46,163 UserCF.py 77行]:开始推荐,K=27
[DEBUG 2020-02-12 17:54:54,612 UserCF.py 90行]:预测矩阵：
       1         2         3         4       ...  193579  193585  193587  193609
1    0.000000  3.023767  0.000000  0.000000  ...     0.0     0.0     0.0     0.0
2    1.436461  0.404993  0.000000  0.000000  ...     0.0     0.0     0.0     0.0
3    0.500239  0.570089  0.349335  0.062622  ...     0.0     0.0     0.0     0.0
4    3.223606  0.597027  0.749227  0.180067  ...     0.0     0.0     0.0     0.0
5    0.000000  2.384416  1.296449  0.000000  ...     0.0     0.0     0.0     0.0
..        ...       ...       ...       ...  ...     ...     ...     ...     ...
606  0.000000  2.567948  1.612251  0.227621  ...     0.0     0.0     0.0     0.0
607  3.762331  3.016084  1.372705  0.000000  ...     0.0     0.0     0.0     0.0
608  0.000000  0.000000  0.000000  0.352270  ...     0.0     0.0     0.0     0.0
609  0.000000  1.084265  0.783487  0.000000  ...     0.0     0.0     0.0     0.0
610  0.000000  4.841732  1.120926  0.000000  ...     0.0     0.0     0.0     0.0

[610 rows x 8979 columns]
[INFO 2020-02-12 17:54:55,811 UserCF.py 118行]:K=27,N=10,准确率27.14%,召回率8.18%,覆盖率3.56%,流行度4.902459206321081
[INFO 2020-02-12 17:54:55,817 UserCF.py 77行]:开始推荐,K=28
[DEBUG 2020-02-12 17:57:08,340 UserCF.py 90行]:预测矩阵：
       1         2         3         4       ...  193579  193585  193587  193609
1    0.000000  3.256290  0.000000  0.000000  ...     0.0     0.0     0.0     0.0
2    1.567019  0.404993  0.000000  0.000000  ...     0.0     0.0     0.0     0.0
3    0.500239  0.570089  0.349335  0.062622  ...     0.0     0.0     0.0     0.0
4    3.223606  0.597027  0.749227  0.180067  ...     0.0     0.0     0.0     0.0
5    0.000000  2.384416  1.296449  0.000000  ...     0.0     0.0     0.0     0.0
..        ...       ...       ...       ...  ...     ...     ...     ...     ...
606  0.000000  2.769302  1.813605  0.227621  ...     0.0     0.0     0.0     0.0
607  3.762331  3.227184  1.372705  0.000000  ...     0.0     0.0     0.0     0.0
608  0.000000  0.000000  0.000000  0.352270  ...     0.0     0.0     0.0     0.0
609  0.000000  1.406466  0.783487  0.000000  ...     0.0     0.0     0.0     0.0
610  0.000000  5.076576  1.355770  0.000000  ...     0.0     0.0     0.0     0.0

[610 rows x 8979 columns]
[INFO 2020-02-12 17:57:09,495 UserCF.py 118行]:K=28,N=10,准确率27.34%,召回率8.24%,覆盖率3.44%,流行度4.905523511465282
[INFO 2020-02-12 17:57:09,501 UserCF.py 77行]:开始推荐,K=29
[DEBUG 2020-02-12 17:59:27,636 UserCF.py 90行]:预测矩阵：
       1         2         3         4       ...  193579  193585  193587  193609
1    0.000000  3.256290  0.000000  0.000000  ...     0.0     0.0     0.0     0.0
2    1.567019  0.404993  0.000000  0.000000  ...     0.0     0.0     0.0     0.0
3    0.500239  0.570089  0.349335  0.062622  ...     0.0     0.0     0.0     0.0
4    3.401767  0.775188  0.749227  0.180067  ...     0.0     0.0     0.0     0.0
5    0.000000  2.384416  1.296449  0.000000  ...     0.0     0.0     0.0     0.0
..        ...       ...       ...       ...  ...     ...     ...     ...     ...
606  0.000000  2.769302  1.813605  0.227621  ...     0.0     0.0     0.0     0.0
607  3.971485  3.436339  1.372705  0.000000  ...     0.0     0.0     0.0     0.0
608  0.000000  0.000000  0.000000  0.352270  ...     0.0     0.0     0.0     0.0
609  0.000000  1.725154  0.783487  0.000000  ...     0.0     0.0     0.0     0.0
610  0.000000  5.076576  1.355770  0.000000  ...     0.0     0.0     0.0     0.0

[610 rows x 8979 columns]
[INFO 2020-02-12 17:59:28,813 UserCF.py 118行]:K=29,N=10,准确率27.37%,召回率8.25%,覆盖率3.37%,流行度4.9121776171386236
[INFO 2020-02-12 17:59:28,818 UserCF.py 77行]:开始推荐,K=30
[DEBUG 2020-02-12 18:01:44,292 UserCF.py 90行]:预测矩阵：
       1         2         3         4       ...  193579  193585  193587  193609
1    0.000000  3.256290  0.000000  0.000000  ...     0.0     0.0     0.0     0.0
2    1.696118  0.534092  0.000000  0.000000  ...     0.0     0.0     0.0     0.0
3    0.500239  0.570089  0.349335  0.062622  ...     0.0     0.0     0.0     0.0
4    3.401767  0.775188  0.749227  0.180067  ...     0.0     0.0     0.0     0.0
5    0.000000  2.384416  1.296449  0.000000  ...     0.0     0.0     0.0     0.0
..        ...       ...       ...       ...  ...     ...     ...     ...     ...
606  0.000000  2.967905  1.813605  0.227621  ...     0.0     0.0     0.0     0.0
607  3.971485  3.436339  1.581533  0.000000  ...     0.0     0.0     0.0     0.0
608  0.000000  0.000000  0.000000  0.352270  ...     0.0     0.0     0.0     0.0
609  0.000000  2.043843  0.783487  0.000000  ...     0.0     0.0     0.0     0.0
610  0.000000  5.076576  1.355770  0.000000  ...     0.0     0.0     0.0     0.0

[610 rows x 8979 columns]
[INFO 2020-02-12 18:01:45,392 UserCF.py 118行]:K=30,N=10,准确率27.53%,召回率8.30%,覆盖率3.36%,流行度4.917706716511859
[INFO 2020-02-12 18:01:45,397 UserCF.py 77行]:开始推荐,K=31
[DEBUG 2020-02-12 18:04:02,655 UserCF.py 90行]:预测矩阵：
       1         2         3         4       ...  193579  193585  193587  193609
1    0.000000  3.487491  0.000000  0.000000  ...     0.0     0.0     0.0     0.0
2    1.696118  0.534092  0.000000  0.000000  ...     0.0     0.0     0.0     0.0
3    0.556250  0.570089  0.349335  0.062622  ...     0.0     0.0     0.0     0.0
4    3.577963  0.775188  0.749227  0.180067  ...     0.0     0.0     0.0     0.0
5    0.000000  2.384416  1.296449  0.000000  ...     0.0     0.0     0.0     0.0
..        ...       ...       ...       ...  ...     ...     ...     ...     ...
606  0.000000  2.967905  1.813605  0.227621  ...     0.0     0.0     0.0     0.0
607  3.971485  3.643461  1.788655  0.000000  ...     0.0     0.0     0.0     0.0
608  0.000000  0.000000  0.000000  0.352270  ...     0.0     0.0     0.0     0.0
609  0.000000  2.043843  0.783487  0.000000  ...     0.0     0.0     0.0     0.0
610  0.000000  5.076576  1.355770  0.000000  ...     0.0     0.0     0.0     0.0

[610 rows x 8979 columns]
[INFO 2020-02-12 18:04:03,741 UserCF.py 118行]:K=31,N=10,准确率27.42%,召回率8.27%,覆盖率3.32%,流行度4.920359969940468
[INFO 2020-02-12 18:04:03,747 UserCF.py 77行]:开始推荐,K=32
[DEBUG 2020-02-12 18:06:25,923 UserCF.py 90行]:预测矩阵：
       1         2         3         4       ...  193579  193585  193587  193609
1    0.000000  3.487491  0.000000  0.000000  ...     0.0     0.0     0.0     0.0
2    1.696118  0.534092  0.000000  0.000000  ...     0.0     0.0     0.0     0.0
3    0.556250  0.570089  0.349335  0.062622  ...     0.0     0.0     0.0     0.0
4    3.753984  0.775188  0.749227  0.180067  ...     0.0     0.0     0.0     0.0
5    0.000000  2.731855  1.296449  0.000000  ...     0.0     0.0     0.0     0.0
..        ...       ...       ...       ...  ...     ...     ...     ...     ...
606  0.000000  3.165755  1.813605  0.227621  ...     0.0     0.0     0.0     0.0
607  3.971485  3.643461  1.788655  0.000000  ...     0.0     0.0     0.0     0.0
608  0.000000  0.000000  0.000000  0.352270  ...     0.0     0.0     0.0     0.0
609  0.000000  2.043843  0.783487  0.000000  ...     0.0     0.0     0.0     0.0
610  0.000000  5.303310  1.355770  0.000000  ...     0.0     0.0     0.0     0.0

[610 rows x 8979 columns]
[INFO 2020-02-12 18:06:27,012 UserCF.py 118行]:K=32,N=10,准确率27.38%,召回率8.26%,覆盖率3.19%,流行度4.9254192617361126
[INFO 2020-02-12 18:06:27,017 UserCF.py 77行]:开始推荐,K=33
[DEBUG 2020-02-12 18:08:53,308 UserCF.py 90行]:预测矩阵：
       1         2         3         4       ...  193579  193585  193587  193609
1    0.000000  3.487491  0.000000  0.000000  ...     0.0     0.0     0.0     0.0
2    1.696118  0.534092  0.000000  0.000000  ...     0.0     0.0     0.0     0.0
3    0.610786  0.624626  0.349335  0.062622  ...     0.0     0.0     0.0     0.0
4    3.929787  0.950992  0.749227  0.180067  ...     0.0     0.0     0.0     0.0
5    0.000000  2.731855  1.296449  0.000000  ...     0.0     0.0     0.0     0.0
..        ...       ...       ...       ...  ...     ...     ...     ...     ...
606  0.000000  3.363420  1.813605  0.227621  ...     0.0     0.0     0.0     0.0
607  4.176826  3.643461  1.788655  0.000000  ...     0.0     0.0     0.0     0.0
608  0.000000  0.000000  0.000000  0.352270  ...     0.0     0.0     0.0     0.0
609  0.000000  2.043843  0.783487  0.000000  ...     0.0     0.0     0.0     0.0
610  0.000000  5.303310  1.355770  0.000000  ...     0.0     0.0     0.0     0.0

[610 rows x 8979 columns]
[INFO 2020-02-12 18:08:54,419 UserCF.py 118行]:K=33,N=10,准确率27.50%,召回率8.29%,覆盖率3.19%,流行度4.931080256868448
[INFO 2020-02-12 18:08:54,424 UserCF.py 77行]:开始推荐,K=34
[DEBUG 2020-02-12 18:11:27,155 UserCF.py 90行]:预测矩阵：
       1         2         3         4       ...  193579  193585  193587  193609
1    0.000000  3.487491  0.000000  0.000000  ...     0.0     0.0     0.0     0.0
2    1.696118  0.534092  0.000000  0.000000  ...     0.0     0.0     0.0     0.0
3    0.610786  0.624626  0.349335  0.062622  ...     0.0     0.0     0.0     0.0
4    3.929787  1.125708  0.749227  0.180067  ...     0.0     0.0     0.0     0.0
5    0.000000  2.731855  1.296449  0.000000  ...     0.0     0.0     0.0     0.0
..        ...       ...       ...       ...  ...     ...     ...     ...     ...
606  0.000000  3.560939  1.813605  0.227621  ...     0.0     0.0     0.0     0.0
607  4.176826  3.643461  1.788655  0.000000  ...     0.0     0.0     0.0     0.0
608  0.000000  0.000000  0.000000  0.352270  ...     0.0     0.0     0.0     0.0
609  0.000000  2.043843  0.783487  0.000000  ...     0.0     0.0     0.0     0.0
610  0.000000  5.303310  1.581492  0.000000  ...     0.0     0.0     0.0     0.0

[610 rows x 8979 columns]
[INFO 2020-02-12 18:11:28,254 UserCF.py 118行]:K=34,N=10,准确率27.37%,召回率8.25%,覆盖率3.10%,流行度4.934316840727629
[INFO 2020-02-12 18:11:28,259 UserCF.py 77行]:开始推荐,K=35
[DEBUG 2020-02-12 18:14:06,453 UserCF.py 90行]:预测矩阵：
       1         2         3         4       ...  193579  193585  193587  193609
1    0.000000  3.714174  0.000000  0.000000  ...     0.0     0.0     0.0     0.0
2    1.696118  0.660080  0.000000  0.000000  ...     0.0     0.0     0.0     0.0
3    0.610786  0.624626  0.403719  0.062622  ...     0.0     0.0     0.0     0.0
4    4.103684  1.299604  0.749227  0.180067  ...     0.0     0.0     0.0     0.0
5    0.000000  2.731855  1.296449  0.000000  ...     0.0     0.0     0.0     0.0
..        ...       ...       ...       ...  ...     ...     ...     ...     ...
606  0.000000  3.757182  1.813605  0.227621  ...     0.0     0.0     0.0     0.0
607  4.380778  3.643461  1.788655  0.000000  ...     0.0     0.0     0.0     0.0
608  0.000000  0.000000  0.000000  0.352270  ...     0.0     0.0     0.0     0.0
609  0.000000  2.043843  0.783487  0.000000  ...     0.0     0.0     0.0     0.0
610  0.000000  5.528632  1.581492  0.000000  ...     0.0     0.0     0.0     0.0

[610 rows x 8979 columns]
[INFO 2020-02-12 18:14:07,535 UserCF.py 118行]:K=35,N=10,准确率27.27%,召回率8.22%,覆盖率2.97%,流行度4.939859886744549
[INFO 2020-02-12 18:14:07,540 UserCF.py 77行]:开始推荐,K=36
[DEBUG 2020-02-12 18:16:49,430 UserCF.py 90行]:预测矩阵：
       1         2         3         4       ...  193579  193585  193587    193609
1    0.000000  3.714174  0.000000  0.000000  ...     0.0     0.0     0.0  0.000000
2    1.696118  0.660080  0.000000  0.000000  ...     0.0     0.0     0.0  0.123435
3    0.664909  0.678748  0.457841  0.062622  ...     0.0     0.0     0.0  0.000000
4    4.103684  1.299604  0.749227  0.180067  ...     0.0     0.0     0.0  0.000000
5    0.000000  2.731855  1.296449  0.000000  ...     0.0     0.0     0.0  0.000000
..        ...       ...       ...       ...  ...     ...     ...     ...       ...
606  0.000000  3.952940  2.009363  0.227621  ...     0.0     0.0     0.0  0.000000
607  4.380778  3.643461  1.788655  0.000000  ...     0.0     0.0     0.0  0.000000
608  0.000000  0.000000  0.000000  0.352270  ...     0.0     0.0     0.0  0.000000
609  0.000000  2.337557  0.783487  0.000000  ...     0.0     0.0     0.0  0.000000
610  0.000000  5.528632  1.581492  0.000000  ...     0.0     0.0     0.0  0.000000

[610 rows x 8979 columns]
[INFO 2020-02-12 18:16:50,528 UserCF.py 118行]:K=36,N=10,准确率27.25%,召回率8.22%,覆盖率2.98%,流行度4.94159554154561
[INFO 2020-02-12 18:16:50,534 UserCF.py 77行]:开始推荐,K=37
[DEBUG 2020-02-12 18:19:37,615 UserCF.py 90行]:预测矩阵：
       1         2         3         4       ...  193579  193585  193587    193609
1    0.000000  3.938858  0.000000  0.000000  ...     0.0     0.0     0.0  0.000000
2    1.696118  0.660080  0.000000  0.000000  ...     0.0     0.0     0.0  0.123435
3    0.664909  0.732706  0.511799  0.062622  ...     0.0     0.0     0.0  0.000000
4    4.276999  1.299604  0.749227  0.180067  ...     0.0     0.0     0.0  0.000000
5    0.000000  2.731855  1.620438  0.000000  ...     0.0     0.0     0.0  0.000000
..        ...       ...       ...       ...  ...     ...     ...     ...       ...
606  0.000000  3.952940  2.009363  0.227621  ...     0.0     0.0     0.0  0.000000
607  4.380778  3.643461  1.788655  0.000000  ...     0.0     0.0     0.0  0.000000
608  0.000000  0.000000  0.000000  0.352270  ...     0.0     0.0     0.0  0.000000
609  0.000000  2.629448  1.075378  0.000000  ...     0.0     0.0     0.0  0.000000
610  0.000000  5.528632  1.581492  0.000000  ...     0.0     0.0     0.0  0.000000

[610 rows x 8979 columns]
[INFO 2020-02-12 18:19:38,688 UserCF.py 118行]:K=37,N=10,准确率27.04%,召回率8.15%,覆盖率2.87%,流行度4.945177695408082
[INFO 2020-02-12 18:19:38,693 UserCF.py 77行]:开始推荐,K=38
[DEBUG 2020-02-12 18:22:30,642 UserCF.py 90行]:预测矩阵：
       1         2         3         4       ...  193579  193585  193587    193609
1    0.000000  4.162896  0.000000  0.000000  ...     0.0     0.0     0.0  0.000000
2    1.696118  0.660080  0.000000  0.000000  ...     0.0     0.0     0.0  0.123435
3    0.664909  0.786616  0.565710  0.062622  ...     0.0     0.0     0.0  0.000000
4    4.276999  1.299604  0.749227  0.180067  ...     0.0     0.0     0.0  0.000000
5    0.000000  2.731855  1.620438  0.000000  ...     0.0     0.0     0.0  0.000000
..        ...       ...       ...       ...  ...     ...     ...     ...       ...
606  0.000000  3.952940  2.009363  0.227621  ...     0.0     0.0     0.0  0.000000
607  4.380778  3.643461  1.788655  0.000000  ...     0.0     0.0     0.0  0.000000
608  0.000000  0.000000  0.000000  0.352270  ...     0.0     0.0     0.0  0.000000
609  0.000000  2.921114  1.075378  0.000000  ...     0.0     0.0     0.0  0.000000
610  0.000000  5.749959  1.802819  0.000000  ...     0.0     0.0     0.0  0.000000

[610 rows x 8979 columns]
[INFO 2020-02-12 18:22:31,717 UserCF.py 118行]:K=38,N=10,准确率27.20%,召回率8.20%,覆盖率2.91%,流行度4.946471005700801
[INFO 2020-02-12 18:22:31,722 UserCF.py 77行]:开始推荐,K=39
[DEBUG 2020-02-12 18:25:26,278 UserCF.py 90行]:预测矩阵：
       1         2         3         4       ...  193579  193585  193587    193609
1    0.000000  4.162896  0.000000  0.000000  ...     0.0     0.0     0.0  0.000000
2    1.696118  0.660080  0.000000  0.000000  ...     0.0     0.0     0.0  0.123435
3    0.664909  0.786616  0.565710  0.062622  ...     0.0     0.0     0.0  0.000000
4    4.449532  1.472137  0.921759  0.180067  ...     0.0     0.0     0.0  0.000000
5    0.000000  3.050583  1.620438  0.000000  ...     0.0     0.0     0.0  0.000000
..        ...       ...       ...       ...  ...     ...     ...     ...       ...
606  0.000000  3.952940  2.009363  0.227621  ...     0.0     0.0     0.0  0.000000
607  4.380778  3.643461  1.788655  0.000000  ...     0.0     0.0     0.0  0.000000
608  0.000000  0.000000  0.000000  0.352270  ...     0.0     0.0     0.0  0.000000
609  0.000000  2.921114  1.075378  0.000000  ...     0.0     0.0     0.0  0.000000
610  0.000000  5.970304  1.802819  0.000000  ...     0.0     0.0     0.0  0.000000

[610 rows x 8979 columns]
[INFO 2020-02-12 18:25:27,352 UserCF.py 118行]:K=39,N=10,准确率27.48%,召回率8.29%,覆盖率2.78%,流行度4.951822840218991
[INFO 2020-02-12 18:25:27,357 UserCF.py 77行]:开始推荐,K=40
[DEBUG 2020-02-12 18:28:24,430 UserCF.py 90行]:预测矩阵：
       1         2         3         4       ...  193579  193585  193587    193609
1    0.000000  4.385829  0.000000  0.000000  ...     0.0     0.0     0.0  0.000000
2    1.696118  0.660080  0.000000  0.000000  ...     0.0     0.0     0.0  0.123435
3    0.664909  0.786616  0.565710  0.062622  ...     0.0     0.0     0.0  0.000000
4    4.449532  1.472137  0.921759  0.180067  ...     0.0     0.0     0.0  0.000000
5    0.000000  3.050583  1.620438  0.000000  ...     0.0     0.0     0.0  0.000000
..        ...       ...       ...       ...  ...     ...     ...     ...       ...
606  0.000000  3.952940  2.009363  0.227621  ...     0.0     0.0     0.0  0.000000
607  4.579315  3.643461  1.788655  0.198537  ...     0.0     0.0     0.0  0.000000
608  0.000000  0.000000  0.000000  0.352270  ...     0.0     0.0     0.0  0.000000
609  0.000000  2.921114  1.075378  0.000000  ...     0.0     0.0     0.0  0.000000
610  0.000000  5.970304  1.802819  0.000000  ...     0.0     0.0     0.0  0.000000

[610 rows x 8979 columns]
[INFO 2020-02-12 18:28:25,505 UserCF.py 118行]:K=40,N=10,准确率27.09%,召回率8.17%,覆盖率2.78%,流行度4.95258824345576
